{"/Users/russellsmith/Projects/ai-tab-organizer/extension/src/popup.tsx": {"path":"/Users/russellsmith/Projects/ai-tab-organizer/extension/src/popup.tsx","all":true,"statementMap":{"0":{"start":{"line":1,"column":0},"end":{"line":1,"column":51}},"1":{"start":{"line":2,"column":0},"end":{"line":2,"column":46}},"2":{"start":{"line":3,"column":0},"end":{"line":3,"column":21}},"13":{"start":{"line":14,"column":0},"end":{"line":14,"column":42}},"14":{"start":{"line":15,"column":0},"end":{"line":15,"column":51}},"15":{"start":{"line":16,"column":0},"end":{"line":16,"column":49}},"16":{"start":{"line":17,"column":0},"end":{"line":17,"column":59}},"17":{"start":{"line":18,"column":0},"end":{"line":18,"column":59}},"18":{"start":{"line":19,"column":0},"end":{"line":19,"column":57}},"19":{"start":{"line":20,"column":0},"end":{"line":20,"column":51}},"20":{"start":{"line":21,"column":0},"end":{"line":21,"column":69}},"21":{"start":{"line":22,"column":0},"end":{"line":22,"column":49}},"22":{"start":{"line":23,"column":0},"end":{"line":23,"column":57}},"23":{"start":{"line":24,"column":0},"end":{"line":24,"column":59}},"24":{"start":{"line":25,"column":0},"end":{"line":25,"column":59}},"25":{"start":{"line":26,"column":0},"end":{"line":26,"column":36}},"26":{"start":{"line":27,"column":0},"end":{"line":27,"column":45}},"27":{"start":{"line":28,"column":0},"end":{"line":28,"column":35}},"29":{"start":{"line":30,"column":0},"end":{"line":30,"column":57}},"33":{"start":{"line":34,"column":0},"end":{"line":34,"column":18}},"34":{"start":{"line":35,"column":0},"end":{"line":35,"column":46}},"35":{"start":{"line":36,"column":0},"end":{"line":36,"column":70}},"36":{"start":{"line":37,"column":0},"end":{"line":37,"column":47}},"37":{"start":{"line":38,"column":0},"end":{"line":38,"column":43}},"38":{"start":{"line":39,"column":0},"end":{"line":39,"column":67}},"39":{"start":{"line":40,"column":0},"end":{"line":40,"column":58}},"40":{"start":{"line":41,"column":0},"end":{"line":41,"column":41}},"41":{"start":{"line":42,"column":0},"end":{"line":42,"column":75}},"42":{"start":{"line":43,"column":0},"end":{"line":43,"column":18}},"43":{"start":{"line":44,"column":0},"end":{"line":44,"column":22}},"44":{"start":{"line":45,"column":0},"end":{"line":45,"column":5}},"45":{"start":{"line":46,"column":0},"end":{"line":46,"column":66}},"46":{"start":{"line":47,"column":0},"end":{"line":47,"column":20}},"47":{"start":{"line":48,"column":0},"end":{"line":48,"column":5}},"48":{"start":{"line":49,"column":0},"end":{"line":49,"column":72}},"50":{"start":{"line":51,"column":0},"end":{"line":51,"column":19}},"51":{"start":{"line":52,"column":0},"end":{"line":52,"column":20}},"52":{"start":{"line":53,"column":0},"end":{"line":53,"column":9}},"57":{"start":{"line":58,"column":0},"end":{"line":58,"column":37}},"58":{"start":{"line":59,"column":0},"end":{"line":59,"column":21}},"59":{"start":{"line":60,"column":0},"end":{"line":60,"column":23}},"60":{"start":{"line":61,"column":0},"end":{"line":61,"column":32}},"61":{"start":{"line":62,"column":0},"end":{"line":62,"column":29}},"62":{"start":{"line":63,"column":0},"end":{"line":63,"column":28}},"63":{"start":{"line":64,"column":0},"end":{"line":64,"column":4}},"68":{"start":{"line":69,"column":0},"end":{"line":69,"column":34}},"69":{"start":{"line":70,"column":0},"end":{"line":70,"column":42}},"70":{"start":{"line":71,"column":0},"end":{"line":71,"column":14}},"71":{"start":{"line":72,"column":0},"end":{"line":72,"column":21}},"72":{"start":{"line":73,"column":0},"end":{"line":73,"column":5}},"73":{"start":{"line":74,"column":0},"end":{"line":74,"column":4}},"78":{"start":{"line":79,"column":0},"end":{"line":79,"column":43}},"79":{"start":{"line":80,"column":0},"end":{"line":80,"column":56}},"80":{"start":{"line":81,"column":0},"end":{"line":81,"column":33}},"81":{"start":{"line":82,"column":0},"end":{"line":82,"column":4}},"86":{"start":{"line":87,"column":0},"end":{"line":87,"column":40}},"87":{"start":{"line":88,"column":0},"end":{"line":88,"column":53}},"88":{"start":{"line":89,"column":0},"end":{"line":89,"column":30}},"89":{"start":{"line":90,"column":0},"end":{"line":90,"column":4}},"94":{"start":{"line":95,"column":0},"end":{"line":95,"column":39}},"95":{"start":{"line":96,"column":0},"end":{"line":96,"column":54}},"96":{"start":{"line":97,"column":0},"end":{"line":97,"column":21}},"97":{"start":{"line":98,"column":0},"end":{"line":98,"column":33}},"98":{"start":{"line":99,"column":0},"end":{"line":99,"column":12}},"100":{"start":{"line":101,"column":0},"end":{"line":101,"column":59}},"101":{"start":{"line":102,"column":0},"end":{"line":102,"column":31}},"102":{"start":{"line":103,"column":0},"end":{"line":103,"column":45}},"103":{"start":{"line":104,"column":0},"end":{"line":104,"column":5}},"104":{"start":{"line":105,"column":0},"end":{"line":105,"column":4}},"109":{"start":{"line":110,"column":0},"end":{"line":110,"column":60}},"110":{"start":{"line":111,"column":0},"end":{"line":111,"column":63}},"111":{"start":{"line":112,"column":0},"end":{"line":112,"column":25}},"112":{"start":{"line":113,"column":0},"end":{"line":113,"column":39}},"113":{"start":{"line":114,"column":0},"end":{"line":114,"column":56}},"114":{"start":{"line":115,"column":0},"end":{"line":115,"column":4}},"119":{"start":{"line":120,"column":0},"end":{"line":120,"column":36}},"120":{"start":{"line":121,"column":0},"end":{"line":121,"column":36}},"121":{"start":{"line":122,"column":0},"end":{"line":122,"column":54}},"122":{"start":{"line":123,"column":0},"end":{"line":123,"column":48}},"123":{"start":{"line":124,"column":0},"end":{"line":124,"column":27}},"124":{"start":{"line":125,"column":0},"end":{"line":125,"column":26}},"125":{"start":{"line":126,"column":0},"end":{"line":126,"column":27}},"126":{"start":{"line":127,"column":0},"end":{"line":127,"column":5}},"127":{"start":{"line":128,"column":0},"end":{"line":128,"column":4}},"132":{"start":{"line":133,"column":0},"end":{"line":133,"column":40}},"133":{"start":{"line":134,"column":0},"end":{"line":134,"column":38}},"134":{"start":{"line":135,"column":0},"end":{"line":135,"column":49}},"135":{"start":{"line":136,"column":0},"end":{"line":136,"column":4}},"140":{"start":{"line":141,"column":0},"end":{"line":141,"column":32}},"141":{"start":{"line":142,"column":0},"end":{"line":142,"column":50}},"142":{"start":{"line":143,"column":0},"end":{"line":143,"column":21}},"144":{"start":{"line":145,"column":0},"end":{"line":145,"column":42}},"145":{"start":{"line":146,"column":0},"end":{"line":146,"column":14}},"146":{"start":{"line":147,"column":0},"end":{"line":147,"column":30}},"147":{"start":{"line":148,"column":0},"end":{"line":148,"column":12}},"148":{"start":{"line":149,"column":0},"end":{"line":149,"column":24}},"149":{"start":{"line":150,"column":0},"end":{"line":150,"column":28}},"150":{"start":{"line":151,"column":0},"end":{"line":151,"column":5}},"151":{"start":{"line":152,"column":0},"end":{"line":152,"column":4}},"156":{"start":{"line":157,"column":0},"end":{"line":157,"column":52}},"157":{"start":{"line":158,"column":0},"end":{"line":158,"column":21}},"158":{"start":{"line":159,"column":0},"end":{"line":159,"column":17}},"160":{"start":{"line":161,"column":0},"end":{"line":161,"column":42}},"161":{"start":{"line":162,"column":0},"end":{"line":162,"column":15}},"162":{"start":{"line":163,"column":0},"end":{"line":163,"column":24}},"163":{"start":{"line":164,"column":0},"end":{"line":164,"column":28}},"164":{"start":{"line":165,"column":0},"end":{"line":165,"column":13}},"165":{"start":{"line":166,"column":0},"end":{"line":166,"column":5}},"167":{"start":{"line":168,"column":0},"end":{"line":168,"column":9}},"168":{"start":{"line":169,"column":0},"end":{"line":169,"column":88}},"169":{"start":{"line":170,"column":0},"end":{"line":170,"column":41}},"171":{"start":{"line":172,"column":0},"end":{"line":172,"column":69}},"172":{"start":{"line":173,"column":0},"end":{"line":173,"column":74}},"173":{"start":{"line":174,"column":0},"end":{"line":174,"column":7}},"175":{"start":{"line":176,"column":0},"end":{"line":176,"column":29}},"176":{"start":{"line":177,"column":0},"end":{"line":177,"column":19}},"177":{"start":{"line":178,"column":0},"end":{"line":178,"column":92}},"178":{"start":{"line":179,"column":0},"end":{"line":179,"column":29}},"180":{"start":{"line":181,"column":0},"end":{"line":181,"column":46}},"181":{"start":{"line":182,"column":0},"end":{"line":182,"column":15}},"182":{"start":{"line":183,"column":0},"end":{"line":183,"column":24}},"183":{"start":{"line":184,"column":0},"end":{"line":184,"column":5}},"184":{"start":{"line":185,"column":0},"end":{"line":185,"column":4}},"189":{"start":{"line":190,"column":0},"end":{"line":190,"column":45}},"190":{"start":{"line":191,"column":0},"end":{"line":191,"column":34}},"191":{"start":{"line":192,"column":0},"end":{"line":192,"column":4}},"196":{"start":{"line":197,"column":0},"end":{"line":197,"column":45}},"197":{"start":{"line":198,"column":0},"end":{"line":198,"column":31}},"200":{"start":{"line":201,"column":0},"end":{"line":201,"column":58}},"201":{"start":{"line":202,"column":0},"end":{"line":202,"column":30}},"202":{"start":{"line":203,"column":0},"end":{"line":203,"column":34}},"203":{"start":{"line":204,"column":0},"end":{"line":204,"column":39}},"204":{"start":{"line":205,"column":0},"end":{"line":205,"column":76}},"205":{"start":{"line":206,"column":0},"end":{"line":206,"column":45}},"206":{"start":{"line":207,"column":0},"end":{"line":207,"column":35}},"207":{"start":{"line":208,"column":0},"end":{"line":208,"column":9}},"208":{"start":{"line":209,"column":0},"end":{"line":209,"column":7}},"209":{"start":{"line":210,"column":0},"end":{"line":210,"column":21}},"210":{"start":{"line":211,"column":0},"end":{"line":211,"column":7}},"211":{"start":{"line":212,"column":0},"end":{"line":212,"column":4}},"216":{"start":{"line":217,"column":0},"end":{"line":217,"column":76}},"217":{"start":{"line":218,"column":0},"end":{"line":218,"column":42}},"218":{"start":{"line":219,"column":0},"end":{"line":219,"column":15}},"219":{"start":{"line":220,"column":0},"end":{"line":220,"column":48}},"220":{"start":{"line":221,"column":0},"end":{"line":221,"column":5}},"221":{"start":{"line":222,"column":0},"end":{"line":222,"column":55}},"222":{"start":{"line":223,"column":0},"end":{"line":223,"column":4}},"227":{"start":{"line":228,"column":0},"end":{"line":228,"column":46}},"228":{"start":{"line":229,"column":0},"end":{"line":229,"column":21}},"229":{"start":{"line":230,"column":0},"end":{"line":230,"column":15}},"230":{"start":{"line":231,"column":0},"end":{"line":231,"column":34}},"231":{"start":{"line":232,"column":0},"end":{"line":232,"column":42}},"232":{"start":{"line":233,"column":0},"end":{"line":233,"column":15}},"233":{"start":{"line":234,"column":0},"end":{"line":234,"column":48}},"234":{"start":{"line":235,"column":0},"end":{"line":235,"column":5}},"235":{"start":{"line":236,"column":0},"end":{"line":236,"column":71}},"236":{"start":{"line":237,"column":0},"end":{"line":237,"column":4}},"239":{"start":{"line":240,"column":0},"end":{"line":240,"column":21}},"240":{"start":{"line":241,"column":0},"end":{"line":241,"column":12}},"241":{"start":{"line":242,"column":0},"end":{"line":242,"column":20}},"242":{"start":{"line":243,"column":0},"end":{"line":243,"column":23}},"243":{"start":{"line":244,"column":0},"end":{"line":244,"column":34}},"244":{"start":{"line":245,"column":0},"end":{"line":245,"column":41}},"245":{"start":{"line":246,"column":0},"end":{"line":246,"column":52}},"246":{"start":{"line":247,"column":0},"end":{"line":247,"column":35}},"247":{"start":{"line":248,"column":0},"end":{"line":248,"column":46}},"248":{"start":{"line":249,"column":0},"end":{"line":249,"column":29}},"249":{"start":{"line":250,"column":0},"end":{"line":250,"column":39}},"250":{"start":{"line":251,"column":0},"end":{"line":251,"column":8}},"252":{"start":{"line":253,"column":0},"end":{"line":253,"column":3}},"255":{"start":{"line":256,"column":0},"end":{"line":256,"column":16}},"256":{"start":{"line":257,"column":0},"end":{"line":257,"column":72}},"257":{"start":{"line":258,"column":0},"end":{"line":258,"column":3}},"260":{"start":{"line":261,"column":0},"end":{"line":261,"column":10}},"261":{"start":{"line":262,"column":0},"end":{"line":262,"column":27}},"262":{"start":{"line":263,"column":0},"end":{"line":263,"column":30}},"263":{"start":{"line":264,"column":0},"end":{"line":264,"column":33}},"264":{"start":{"line":265,"column":0},"end":{"line":265,"column":82}},"265":{"start":{"line":266,"column":0},"end":{"line":266,"column":96}},"267":{"start":{"line":268,"column":0},"end":{"line":268,"column":17}},"268":{"start":{"line":269,"column":0},"end":{"line":269,"column":12}},"271":{"start":{"line":272,"column":0},"end":{"line":272,"column":33}},"272":{"start":{"line":273,"column":0},"end":{"line":273,"column":15}},"273":{"start":{"line":274,"column":0},"end":{"line":274,"column":49}},"274":{"start":{"line":275,"column":0},"end":{"line":275,"column":76}},"275":{"start":{"line":276,"column":0},"end":{"line":276,"column":9}},"277":{"start":{"line":278,"column":0},"end":{"line":278,"column":17}},"278":{"start":{"line":279,"column":0},"end":{"line":279,"column":15}},"279":{"start":{"line":280,"column":0},"end":{"line":280,"column":53}},"280":{"start":{"line":281,"column":0},"end":{"line":281,"column":80}},"281":{"start":{"line":282,"column":0},"end":{"line":282,"column":9}},"283":{"start":{"line":284,"column":0},"end":{"line":284,"column":17}},"284":{"start":{"line":285,"column":0},"end":{"line":285,"column":15}},"285":{"start":{"line":286,"column":0},"end":{"line":286,"column":47}},"286":{"start":{"line":287,"column":0},"end":{"line":287,"column":74}},"287":{"start":{"line":288,"column":0},"end":{"line":288,"column":9}},"289":{"start":{"line":290,"column":0},"end":{"line":290,"column":17}},"290":{"start":{"line":291,"column":0},"end":{"line":291,"column":15}},"291":{"start":{"line":292,"column":0},"end":{"line":292,"column":53}},"292":{"start":{"line":293,"column":0},"end":{"line":293,"column":80}},"293":{"start":{"line":294,"column":0},"end":{"line":294,"column":9}},"295":{"start":{"line":296,"column":0},"end":{"line":296,"column":17}},"296":{"start":{"line":297,"column":0},"end":{"line":297,"column":15}},"297":{"start":{"line":298,"column":0},"end":{"line":298,"column":51}},"298":{"start":{"line":299,"column":0},"end":{"line":299,"column":78}},"299":{"start":{"line":300,"column":0},"end":{"line":300,"column":9}},"301":{"start":{"line":302,"column":0},"end":{"line":302,"column":17}},"302":{"start":{"line":303,"column":0},"end":{"line":303,"column":12}},"304":{"start":{"line":305,"column":0},"end":{"line":305,"column":39}},"305":{"start":{"line":306,"column":0},"end":{"line":306,"column":111}},"306":{"start":{"line":307,"column":0},"end":{"line":307,"column":12}},"307":{"start":{"line":308,"column":0},"end":{"line":308,"column":64}},"308":{"start":{"line":309,"column":0},"end":{"line":309,"column":59}},"309":{"start":{"line":310,"column":0},"end":{"line":310,"column":25}},"310":{"start":{"line":311,"column":0},"end":{"line":311,"column":43}},"311":{"start":{"line":312,"column":0},"end":{"line":312,"column":41}},"312":{"start":{"line":313,"column":0},"end":{"line":313,"column":41}},"313":{"start":{"line":314,"column":0},"end":{"line":314,"column":59}},"314":{"start":{"line":315,"column":0},"end":{"line":315,"column":69}},"315":{"start":{"line":316,"column":0},"end":{"line":316,"column":56}},"316":{"start":{"line":317,"column":0},"end":{"line":317,"column":39}},"317":{"start":{"line":318,"column":0},"end":{"line":318,"column":14}},"318":{"start":{"line":319,"column":0},"end":{"line":319,"column":13}},"319":{"start":{"line":320,"column":0},"end":{"line":320,"column":24}},"322":{"start":{"line":323,"column":0},"end":{"line":323,"column":35}},"323":{"start":{"line":324,"column":0},"end":{"line":324,"column":102}},"324":{"start":{"line":325,"column":0},"end":{"line":325,"column":23}},"325":{"start":{"line":326,"column":0},"end":{"line":326,"column":24}},"328":{"start":{"line":329,"column":0},"end":{"line":329,"column":33}},"329":{"start":{"line":330,"column":0},"end":{"line":330,"column":105}},"330":{"start":{"line":331,"column":0},"end":{"line":331,"column":22}},"331":{"start":{"line":332,"column":0},"end":{"line":332,"column":24}},"334":{"start":{"line":335,"column":0},"end":{"line":335,"column":39}},"335":{"start":{"line":336,"column":0},"end":{"line":336,"column":115}},"336":{"start":{"line":337,"column":0},"end":{"line":337,"column":32}},"337":{"start":{"line":338,"column":0},"end":{"line":338,"column":24}},"340":{"start":{"line":341,"column":0},"end":{"line":341,"column":37}},"341":{"start":{"line":342,"column":0},"end":{"line":342,"column":109}},"342":{"start":{"line":343,"column":0},"end":{"line":343,"column":45}},"343":{"start":{"line":344,"column":0},"end":{"line":344,"column":24}},"345":{"start":{"line":346,"column":0},"end":{"line":346,"column":10}},"347":{"start":{"line":348,"column":0},"end":{"line":348,"column":1}},"349":{"start":{"line":350,"column":0},"end":{"line":350,"column":58}},"350":{"start":{"line":351,"column":0},"end":{"line":351,"column":23}}},"s":{"0":0,"1":0,"2":0,"13":0,"14":0,"15":0,"16":0,"17":0,"18":0,"19":0,"20":0,"21":0,"22":0,"23":0,"24":0,"25":0,"26":0,"27":0,"29":0,"33":0,"34":0,"35":0,"36":0,"37":0,"38":0,"39":0,"40":0,"41":0,"42":0,"43":0,"44":0,"45":0,"46":0,"47":0,"48":0,"50":0,"51":0,"52":0,"57":0,"58":0,"59":0,"60":0,"61":0,"62":0,"63":0,"68":0,"69":0,"70":0,"71":0,"72":0,"73":0,"78":0,"79":0,"80":0,"81":0,"86":0,"87":0,"88":0,"89":0,"94":0,"95":0,"96":0,"97":0,"98":0,"100":0,"101":0,"102":0,"103":0,"104":0,"109":0,"110":0,"111":0,"112":0,"113":0,"114":0,"119":0,"120":0,"121":0,"122":0,"123":0,"124":0,"125":0,"126":0,"127":0,"132":0,"133":0,"134":0,"135":0,"140":0,"141":0,"142":0,"144":0,"145":0,"146":0,"147":0,"148":0,"149":0,"150":0,"151":0,"156":0,"157":0,"158":0,"160":0,"161":0,"162":0,"163":0,"164":0,"165":0,"167":0,"168":0,"169":0,"171":0,"172":0,"173":0,"175":0,"176":0,"177":0,"178":0,"180":0,"181":0,"182":0,"183":0,"184":0,"189":0,"190":0,"191":0,"196":0,"197":0,"200":0,"201":0,"202":0,"203":0,"204":0,"205":0,"206":0,"207":0,"208":0,"209":0,"210":0,"211":0,"216":0,"217":0,"218":0,"219":0,"220":0,"221":0,"222":0,"227":0,"228":0,"229":0,"230":0,"231":0,"232":0,"233":0,"234":0,"235":0,"236":0,"239":0,"240":0,"241":0,"242":0,"243":0,"244":0,"245":0,"246":0,"247":0,"248":0,"249":0,"250":0,"252":0,"255":0,"256":0,"257":0,"260":0,"261":0,"262":0,"263":0,"264":0,"265":0,"267":0,"268":0,"271":0,"272":0,"273":0,"274":0,"275":0,"277":0,"278":0,"279":0,"280":0,"281":0,"283":0,"284":0,"285":0,"286":0,"287":0,"289":0,"290":0,"291":0,"292":0,"293":0,"295":0,"296":0,"297":0,"298":0,"299":0,"301":0,"302":0,"304":0,"305":0,"306":0,"307":0,"308":0,"309":0,"310":0,"311":0,"312":0,"313":0,"314":0,"315":0,"316":0,"317":0,"318":0,"319":0,"322":0,"323":0,"324":0,"325":0,"328":0,"329":0,"330":0,"331":0,"334":0,"335":0,"336":0,"337":0,"340":0,"341":0,"342":0,"343":0,"345":0,"347":0,"349":0,"350":0},"branchMap":{"0":{"type":"branch","line":1,"loc":{"start":{"line":1,"column":0},"end":{"line":351,"column":-2360}},"locations":[{"start":{"line":1,"column":0},"end":{"line":351,"column":-2360}}]}},"b":{"0":[0]},"fnMap":{"0":{"name":"(empty-report)","decl":{"start":{"line":1,"column":0},"end":{"line":351,"column":-2360}},"loc":{"start":{"line":1,"column":0},"end":{"line":351,"column":-2360}},"line":1}},"f":{"0":0}}
,"/Users/russellsmith/Projects/ai-tab-organizer/extension/src/components/CategorySummaryCard.tsx": {"path":"/Users/russellsmith/Projects/ai-tab-organizer/extension/src/components/CategorySummaryCard.tsx","all":false,"statementMap":{"0":{"start":{"line":1,"column":0},"end":{"line":1,"column":40}},"11":{"start":{"line":12,"column":0},"end":{"line":12,"column":85}},"12":{"start":{"line":13,"column":0},"end":{"line":13,"column":46}},"14":{"start":{"line":15,"column":0},"end":{"line":15,"column":39}},"15":{"start":{"line":16,"column":0},"end":{"line":16,"column":9}},"16":{"start":{"line":17,"column":0},"end":{"line":17,"column":59}},"17":{"start":{"line":18,"column":0},"end":{"line":18,"column":22}},"18":{"start":{"line":19,"column":0},"end":{"line":19,"column":47}},"19":{"start":{"line":20,"column":0},"end":{"line":20,"column":21}},"20":{"start":{"line":21,"column":0},"end":{"line":21,"column":59}},"21":{"start":{"line":22,"column":0},"end":{"line":22,"column":5}},"22":{"start":{"line":23,"column":0},"end":{"line":23,"column":4}},"24":{"start":{"line":25,"column":0},"end":{"line":25,"column":58}},"25":{"start":{"line":26,"column":0},"end":{"line":26,"column":27}},"26":{"start":{"line":27,"column":0},"end":{"line":27,"column":33}},"27":{"start":{"line":28,"column":0},"end":{"line":28,"column":45}},"28":{"start":{"line":29,"column":0},"end":{"line":29,"column":45}},"29":{"start":{"line":30,"column":0},"end":{"line":30,"column":45}},"31":{"start":{"line":32,"column":0},"end":{"line":32,"column":39}},"32":{"start":{"line":33,"column":0},"end":{"line":33,"column":47}},"33":{"start":{"line":34,"column":0},"end":{"line":34,"column":43}},"34":{"start":{"line":35,"column":0},"end":{"line":35,"column":26}},"35":{"start":{"line":36,"column":0},"end":{"line":36,"column":4}},"37":{"start":{"line":38,"column":0},"end":{"line":38,"column":10}},"38":{"start":{"line":39,"column":0},"end":{"line":39,"column":43}},"39":{"start":{"line":40,"column":0},"end":{"line":40,"column":47}},"40":{"start":{"line":41,"column":0},"end":{"line":41,"column":49}},"41":{"start":{"line":42,"column":0},"end":{"line":42,"column":55}},"42":{"start":{"line":43,"column":0},"end":{"line":43,"column":15}},"43":{"start":{"line":44,"column":0},"end":{"line":44,"column":50}},"44":{"start":{"line":45,"column":0},"end":{"line":45,"column":17}},"45":{"start":{"line":46,"column":0},"end":{"line":46,"column":37}},"46":{"start":{"line":47,"column":0},"end":{"line":47,"column":42}},"47":{"start":{"line":48,"column":0},"end":{"line":48,"column":37}},"49":{"start":{"line":50,"column":0},"end":{"line":50,"column":33}},"50":{"start":{"line":51,"column":0},"end":{"line":51,"column":19}},"51":{"start":{"line":52,"column":0},"end":{"line":52,"column":17}},"52":{"start":{"line":53,"column":0},"end":{"line":53,"column":29}},"53":{"start":{"line":54,"column":0},"end":{"line":54,"column":42}},"54":{"start":{"line":55,"column":0},"end":{"line":55,"column":25}},"55":{"start":{"line":56,"column":0},"end":{"line":56,"column":11}},"57":{"start":{"line":58,"column":0},"end":{"line":58,"column":19}},"58":{"start":{"line":59,"column":0},"end":{"line":59,"column":14}},"59":{"start":{"line":60,"column":0},"end":{"line":60,"column":12}},"60":{"start":{"line":61,"column":0},"end":{"line":61,"column":48}},"61":{"start":{"line":62,"column":0},"end":{"line":62,"column":66}},"62":{"start":{"line":63,"column":0},"end":{"line":63,"column":47}},"63":{"start":{"line":64,"column":0},"end":{"line":64,"column":89}},"64":{"start":{"line":65,"column":0},"end":{"line":65,"column":76}},"65":{"start":{"line":66,"column":0},"end":{"line":66,"column":14}},"66":{"start":{"line":67,"column":0},"end":{"line":67,"column":12}},"67":{"start":{"line":68,"column":0},"end":{"line":68,"column":10}},"69":{"start":{"line":70,"column":0},"end":{"line":70,"column":1}}},"s":{"0":1,"11":1,"12":19,"14":19,"15":3,"16":3,"17":2,"18":2,"19":3,"20":1,"21":1,"22":3,"24":19,"25":18,"26":18,"27":18,"28":18,"29":18,"31":18,"32":18,"33":18,"34":1,"35":18,"37":19,"38":19,"39":19,"40":19,"41":19,"42":19,"43":19,"44":19,"45":19,"46":19,"47":19,"49":19,"50":19,"51":19,"52":19,"53":19,"54":19,"55":19,"57":19,"58":19,"59":19,"60":19,"61":19,"62":19,"63":19,"64":19,"65":19,"66":19,"67":19,"69":19},"branchMap":{"0":{"type":"branch","line":12,"loc":{"start":{"line":12,"column":7},"end":{"line":70,"column":1}},"locations":[{"start":{"line":12,"column":7},"end":{"line":70,"column":1}}]},"1":{"type":"branch","line":50,"loc":{"start":{"line":50,"column":13},"end":{"line":50,"column":28}},"locations":[{"start":{"line":50,"column":13},"end":{"line":50,"column":28}}]},"2":{"type":"branch","line":50,"loc":{"start":{"line":50,"column":22},"end":{"line":50,"column":33}},"locations":[{"start":{"line":50,"column":22},"end":{"line":50,"column":33}}]},"3":{"type":"branch","line":15,"loc":{"start":{"line":15,"column":26},"end":{"line":23,"column":4}},"locations":[{"start":{"line":15,"column":26},"end":{"line":23,"column":4}}]},"4":{"type":"branch","line":17,"loc":{"start":{"line":17,"column":57},"end":{"line":20,"column":13}},"locations":[{"start":{"line":17,"column":57},"end":{"line":20,"column":13}}]},"5":{"type":"branch","line":20,"loc":{"start":{"line":20,"column":4},"end":{"line":22,"column":5}},"locations":[{"start":{"line":20,"column":4},"end":{"line":22,"column":5}}]},"6":{"type":"branch","line":25,"loc":{"start":{"line":25,"column":26},"end":{"line":36,"column":4}},"locations":[{"start":{"line":25,"column":26},"end":{"line":36,"column":4}}]},"7":{"type":"branch","line":32,"loc":{"start":{"line":32,"column":21},"end":{"line":32,"column":39}},"locations":[{"start":{"line":32,"column":21},"end":{"line":32,"column":39}}]},"8":{"type":"branch","line":32,"loc":{"start":{"line":32,"column":28},"end":{"line":33,"column":29}},"locations":[{"start":{"line":32,"column":28},"end":{"line":33,"column":29}}]},"9":{"type":"branch","line":33,"loc":{"start":{"line":33,"column":22},"end":{"line":33,"column":47}},"locations":[{"start":{"line":33,"column":22},"end":{"line":33,"column":47}}]},"10":{"type":"branch","line":33,"loc":{"start":{"line":33,"column":39},"end":{"line":34,"column":27}},"locations":[{"start":{"line":33,"column":39},"end":{"line":34,"column":27}}]},"11":{"type":"branch","line":34,"loc":{"start":{"line":34,"column":20},"end":{"line":35,"column":26}},"locations":[{"start":{"line":34,"column":20},"end":{"line":35,"column":26}}]}},"b":{"0":[19],"1":[2],"2":[16],"3":[3],"4":[2],"5":[1],"6":[18],"7":[15],"8":[3],"9":[1],"10":[2],"11":[1]},"fnMap":{"0":{"name":"CategorySummaryCard","decl":{"start":{"line":12,"column":7},"end":{"line":70,"column":1}},"loc":{"start":{"line":12,"column":7},"end":{"line":70,"column":1}},"line":12},"1":{"name":"copyToClipboard","decl":{"start":{"line":15,"column":26},"end":{"line":23,"column":4}},"loc":{"start":{"line":15,"column":26},"end":{"line":23,"column":4}},"line":15},"2":{"name":"formatTimestamp","decl":{"start":{"line":25,"column":26},"end":{"line":36,"column":4}},"loc":{"start":{"line":25,"column":26},"end":{"line":36,"column":4}},"line":25}},"f":{"0":19,"1":3,"2":18}}
,"/Users/russellsmith/Projects/ai-tab-organizer/extension/src/components/CategoryView.tsx": {"path":"/Users/russellsmith/Projects/ai-tab-organizer/extension/src/components/CategoryView.tsx","all":false,"statementMap":{"0":{"start":{"line":1,"column":0},"end":{"line":1,"column":51}},"22":{"start":{"line":23,"column":0},"end":{"line":23,"column":30}},"23":{"start":{"line":24,"column":0},"end":{"line":24,"column":18}},"24":{"start":{"line":25,"column":0},"end":{"line":25,"column":13}},"25":{"start":{"line":26,"column":0},"end":{"line":26,"column":13}},"26":{"start":{"line":27,"column":0},"end":{"line":27,"column":22}},"27":{"start":{"line":28,"column":0},"end":{"line":28,"column":27}},"28":{"start":{"line":29,"column":0},"end":{"line":29,"column":26}},"29":{"start":{"line":30,"column":0},"end":{"line":30,"column":24}},"30":{"start":{"line":31,"column":0},"end":{"line":31,"column":23}},"31":{"start":{"line":32,"column":0},"end":{"line":32,"column":70}},"33":{"start":{"line":34,"column":0},"end":{"line":34,"column":99}},"34":{"start":{"line":35,"column":0},"end":{"line":35,"column":92}},"35":{"start":{"line":36,"column":0},"end":{"line":36,"column":72}},"36":{"start":{"line":37,"column":0},"end":{"line":37,"column":81}},"39":{"start":{"line":40,"column":0},"end":{"line":40,"column":19}},"40":{"start":{"line":41,"column":0},"end":{"line":41,"column":36}},"41":{"start":{"line":42,"column":0},"end":{"line":42,"column":57}},"42":{"start":{"line":43,"column":0},"end":{"line":43,"column":59}},"44":{"start":{"line":45,"column":0},"end":{"line":45,"column":69}},"46":{"start":{"line":47,"column":0},"end":{"line":47,"column":99}},"47":{"start":{"line":48,"column":0},"end":{"line":48,"column":9}},"49":{"start":{"line":50,"column":0},"end":{"line":50,"column":36}},"50":{"start":{"line":51,"column":0},"end":{"line":51,"column":6}},"52":{"start":{"line":53,"column":0},"end":{"line":53,"column":17}},"53":{"start":{"line":54,"column":0},"end":{"line":54,"column":24}},"56":{"start":{"line":57,"column":0},"end":{"line":57,"column":19}},"57":{"start":{"line":58,"column":0},"end":{"line":58,"column":49}},"59":{"start":{"line":60,"column":0},"end":{"line":60,"column":62}},"60":{"start":{"line":61,"column":0},"end":{"line":61,"column":27}},"61":{"start":{"line":62,"column":0},"end":{"line":62,"column":22}},"62":{"start":{"line":63,"column":0},"end":{"line":63,"column":7}},"64":{"start":{"line":65,"column":0},"end":{"line":65,"column":63}},"65":{"start":{"line":66,"column":0},"end":{"line":66,"column":27}},"66":{"start":{"line":67,"column":0},"end":{"line":67,"column":20}},"67":{"start":{"line":68,"column":0},"end":{"line":68,"column":7}},"68":{"start":{"line":69,"column":0},"end":{"line":69,"column":6}},"70":{"start":{"line":71,"column":0},"end":{"line":71,"column":56}},"71":{"start":{"line":72,"column":0},"end":{"line":72,"column":72}},"72":{"start":{"line":73,"column":0},"end":{"line":73,"column":24}},"74":{"start":{"line":75,"column":0},"end":{"line":75,"column":79}},"75":{"start":{"line":76,"column":0},"end":{"line":76,"column":42}},"77":{"start":{"line":78,"column":0},"end":{"line":78,"column":40}},"78":{"start":{"line":79,"column":0},"end":{"line":79,"column":26}},"80":{"start":{"line":81,"column":0},"end":{"line":81,"column":9}},"81":{"start":{"line":82,"column":0},"end":{"line":82,"column":69}},"82":{"start":{"line":83,"column":0},"end":{"line":83,"column":40}},"83":{"start":{"line":84,"column":0},"end":{"line":84,"column":21}},"84":{"start":{"line":85,"column":0},"end":{"line":85,"column":92}},"85":{"start":{"line":86,"column":0},"end":{"line":86,"column":31}},"86":{"start":{"line":87,"column":0},"end":{"line":87,"column":15}},"87":{"start":{"line":88,"column":0},"end":{"line":88,"column":38}},"88":{"start":{"line":89,"column":0},"end":{"line":89,"column":5}},"89":{"start":{"line":90,"column":0},"end":{"line":90,"column":4}},"91":{"start":{"line":92,"column":0},"end":{"line":92,"column":44}},"92":{"start":{"line":93,"column":0},"end":{"line":93,"column":35}},"93":{"start":{"line":94,"column":0},"end":{"line":94,"column":26}},"94":{"start":{"line":95,"column":0},"end":{"line":95,"column":4}},"96":{"start":{"line":97,"column":0},"end":{"line":97,"column":53}},"97":{"start":{"line":98,"column":0},"end":{"line":98,"column":46}},"98":{"start":{"line":99,"column":0},"end":{"line":99,"column":66}},"99":{"start":{"line":100,"column":0},"end":{"line":100,"column":54}},"100":{"start":{"line":101,"column":0},"end":{"line":101,"column":4}},"102":{"start":{"line":103,"column":0},"end":{"line":103,"column":35}},"103":{"start":{"line":104,"column":0},"end":{"line":104,"column":53}},"104":{"start":{"line":105,"column":0},"end":{"line":105,"column":49}},"105":{"start":{"line":106,"column":0},"end":{"line":106,"column":28}},"106":{"start":{"line":107,"column":0},"end":{"line":107,"column":7}},"107":{"start":{"line":108,"column":0},"end":{"line":108,"column":30}},"110":{"start":{"line":111,"column":0},"end":{"line":111,"column":59}},"111":{"start":{"line":112,"column":0},"end":{"line":112,"column":46}},"112":{"start":{"line":113,"column":0},"end":{"line":113,"column":5}},"113":{"start":{"line":114,"column":0},"end":{"line":114,"column":4}},"115":{"start":{"line":116,"column":0},"end":{"line":116,"column":33}},"116":{"start":{"line":117,"column":0},"end":{"line":117,"column":53}},"117":{"start":{"line":118,"column":0},"end":{"line":118,"column":49}},"118":{"start":{"line":119,"column":0},"end":{"line":119,"column":29}},"119":{"start":{"line":120,"column":0},"end":{"line":120,"column":7}},"120":{"start":{"line":121,"column":0},"end":{"line":121,"column":30}},"123":{"start":{"line":124,"column":0},"end":{"line":124,"column":59}},"124":{"start":{"line":125,"column":0},"end":{"line":125,"column":46}},"125":{"start":{"line":126,"column":0},"end":{"line":126,"column":5}},"126":{"start":{"line":127,"column":0},"end":{"line":127,"column":4}},"128":{"start":{"line":129,"column":0},"end":{"line":129,"column":67}},"129":{"start":{"line":130,"column":0},"end":{"line":130,"column":29}},"130":{"start":{"line":131,"column":0},"end":{"line":131,"column":39}},"131":{"start":{"line":132,"column":0},"end":{"line":132,"column":25}},"132":{"start":{"line":133,"column":0},"end":{"line":133,"column":5}},"133":{"start":{"line":134,"column":0},"end":{"line":134,"column":4}},"135":{"start":{"line":136,"column":0},"end":{"line":136,"column":70}},"136":{"start":{"line":137,"column":0},"end":{"line":137,"column":74}},"137":{"start":{"line":138,"column":0},"end":{"line":138,"column":72}},"139":{"start":{"line":140,"column":0},"end":{"line":140,"column":29}},"140":{"start":{"line":141,"column":0},"end":{"line":141,"column":37}},"141":{"start":{"line":142,"column":0},"end":{"line":142,"column":28}},"142":{"start":{"line":143,"column":0},"end":{"line":143,"column":25}},"143":{"start":{"line":144,"column":0},"end":{"line":144,"column":21}},"144":{"start":{"line":145,"column":0},"end":{"line":145,"column":9}},"145":{"start":{"line":146,"column":0},"end":{"line":146,"column":5}},"147":{"start":{"line":148,"column":0},"end":{"line":148,"column":70}},"148":{"start":{"line":149,"column":0},"end":{"line":149,"column":4}},"150":{"start":{"line":151,"column":0},"end":{"line":151,"column":68}},"152":{"start":{"line":153,"column":0},"end":{"line":153,"column":10}},"153":{"start":{"line":154,"column":0},"end":{"line":154,"column":32}},"154":{"start":{"line":155,"column":0},"end":{"line":155,"column":29}},"155":{"start":{"line":156,"column":0},"end":{"line":156,"column":48}},"156":{"start":{"line":157,"column":0},"end":{"line":157,"column":26}},"157":{"start":{"line":158,"column":0},"end":{"line":158,"column":21}},"158":{"start":{"line":159,"column":0},"end":{"line":159,"column":30}},"159":{"start":{"line":160,"column":0},"end":{"line":160,"column":44}},"160":{"start":{"line":161,"column":0},"end":{"line":161,"column":36}},"161":{"start":{"line":162,"column":0},"end":{"line":162,"column":11}},"162":{"start":{"line":163,"column":0},"end":{"line":163,"column":17}},"163":{"start":{"line":164,"column":0},"end":{"line":164,"column":33}},"164":{"start":{"line":165,"column":0},"end":{"line":165,"column":20}},"165":{"start":{"line":166,"column":0},"end":{"line":166,"column":31}},"166":{"start":{"line":167,"column":0},"end":{"line":167,"column":33}},"167":{"start":{"line":168,"column":0},"end":{"line":168,"column":32}},"168":{"start":{"line":169,"column":0},"end":{"line":169,"column":42}},"169":{"start":{"line":170,"column":0},"end":{"line":170,"column":34}},"170":{"start":{"line":171,"column":0},"end":{"line":171,"column":39}},"171":{"start":{"line":172,"column":0},"end":{"line":172,"column":30}},"172":{"start":{"line":173,"column":0},"end":{"line":173,"column":14}},"173":{"start":{"line":174,"column":0},"end":{"line":174,"column":11}},"175":{"start":{"line":176,"column":0},"end":{"line":176,"column":19}},"176":{"start":{"line":177,"column":0},"end":{"line":177,"column":17}},"177":{"start":{"line":178,"column":0},"end":{"line":178,"column":31}},"178":{"start":{"line":179,"column":0},"end":{"line":179,"column":20}},"179":{"start":{"line":180,"column":0},"end":{"line":180,"column":31}},"180":{"start":{"line":181,"column":0},"end":{"line":181,"column":33}},"181":{"start":{"line":182,"column":0},"end":{"line":182,"column":32}},"182":{"start":{"line":183,"column":0},"end":{"line":183,"column":42}},"183":{"start":{"line":184,"column":0},"end":{"line":184,"column":34}},"184":{"start":{"line":185,"column":0},"end":{"line":185,"column":39}},"185":{"start":{"line":186,"column":0},"end":{"line":186,"column":30}},"186":{"start":{"line":187,"column":0},"end":{"line":187,"column":14}},"187":{"start":{"line":188,"column":0},"end":{"line":188,"column":11}},"189":{"start":{"line":190,"column":0},"end":{"line":190,"column":19}},"190":{"start":{"line":191,"column":0},"end":{"line":191,"column":14}},"192":{"start":{"line":193,"column":0},"end":{"line":193,"column":74}},"193":{"start":{"line":194,"column":0},"end":{"line":194,"column":59}},"197":{"start":{"line":198,"column":0},"end":{"line":198,"column":93}},"199":{"start":{"line":200,"column":0},"end":{"line":200,"column":16}},"200":{"start":{"line":201,"column":0},"end":{"line":201,"column":14}},"201":{"start":{"line":202,"column":0},"end":{"line":202,"column":26}},"202":{"start":{"line":203,"column":0},"end":{"line":203,"column":32}},"203":{"start":{"line":204,"column":0},"end":{"line":204,"column":20}},"204":{"start":{"line":205,"column":0},"end":{"line":205,"column":75}},"205":{"start":{"line":206,"column":0},"end":{"line":206,"column":62}},"206":{"start":{"line":207,"column":0},"end":{"line":207,"column":14}},"208":{"start":{"line":209,"column":0},"end":{"line":209,"column":24}},"209":{"start":{"line":210,"column":0},"end":{"line":210,"column":35}},"210":{"start":{"line":211,"column":0},"end":{"line":211,"column":37}},"211":{"start":{"line":212,"column":0},"end":{"line":212,"column":44}},"212":{"start":{"line":213,"column":0},"end":{"line":213,"column":39}},"213":{"start":{"line":214,"column":0},"end":{"line":214,"column":52}},"214":{"start":{"line":215,"column":0},"end":{"line":215,"column":27}},"215":{"start":{"line":216,"column":0},"end":{"line":216,"column":87}},"216":{"start":{"line":217,"column":0},"end":{"line":217,"column":76}},"217":{"start":{"line":218,"column":0},"end":{"line":218,"column":29}},"219":{"start":{"line":220,"column":0},"end":{"line":220,"column":68}},"220":{"start":{"line":221,"column":0},"end":{"line":221,"column":49}},"221":{"start":{"line":222,"column":0},"end":{"line":222,"column":71}},"222":{"start":{"line":223,"column":0},"end":{"line":223,"column":77}},"223":{"start":{"line":224,"column":0},"end":{"line":224,"column":14}},"224":{"start":{"line":225,"column":0},"end":{"line":225,"column":86}},"225":{"start":{"line":226,"column":0},"end":{"line":226,"column":34}},"226":{"start":{"line":227,"column":0},"end":{"line":227,"column":47}},"227":{"start":{"line":228,"column":0},"end":{"line":228,"column":52}},"228":{"start":{"line":229,"column":0},"end":{"line":229,"column":16}},"230":{"start":{"line":231,"column":0},"end":{"line":231,"column":65}},"231":{"start":{"line":232,"column":0},"end":{"line":232,"column":45}},"232":{"start":{"line":233,"column":0},"end":{"line":233,"column":30}},"233":{"start":{"line":234,"column":0},"end":{"line":234,"column":90}},"235":{"start":{"line":236,"column":0},"end":{"line":236,"column":25}},"236":{"start":{"line":237,"column":0},"end":{"line":237,"column":20}},"238":{"start":{"line":239,"column":0},"end":{"line":239,"column":16}},"239":{"start":{"line":240,"column":0},"end":{"line":240,"column":22}},"240":{"start":{"line":241,"column":0},"end":{"line":241,"column":59}},"241":{"start":{"line":242,"column":0},"end":{"line":242,"column":35}},"242":{"start":{"line":243,"column":0},"end":{"line":243,"column":58}},"243":{"start":{"line":244,"column":0},"end":{"line":244,"column":16}},"245":{"start":{"line":246,"column":0},"end":{"line":246,"column":22}},"246":{"start":{"line":247,"column":0},"end":{"line":247,"column":35}},"247":{"start":{"line":248,"column":0},"end":{"line":248,"column":39}},"248":{"start":{"line":249,"column":0},"end":{"line":249,"column":39}},"249":{"start":{"line":250,"column":0},"end":{"line":250,"column":54}},"250":{"start":{"line":251,"column":0},"end":{"line":251,"column":51}},"251":{"start":{"line":252,"column":0},"end":{"line":252,"column":41}},"252":{"start":{"line":253,"column":0},"end":{"line":253,"column":16}},"253":{"start":{"line":254,"column":0},"end":{"line":254,"column":18}},"254":{"start":{"line":255,"column":0},"end":{"line":255,"column":16}},"256":{"start":{"line":257,"column":0},"end":{"line":257,"column":9}},"257":{"start":{"line":258,"column":0},"end":{"line":258,"column":10}},"259":{"start":{"line":260,"column":0},"end":{"line":260,"column":1}}},"s":{"0":1,"22":1,"23":76,"24":76,"25":76,"26":76,"27":76,"28":76,"29":76,"30":76,"31":76,"33":76,"34":76,"35":76,"36":76,"39":76,"40":30,"41":30,"42":30,"44":30,"46":56,"47":30,"49":30,"50":30,"52":30,"53":76,"56":76,"57":30,"59":4,"60":2,"61":2,"62":2,"64":4,"65":2,"66":2,"67":2,"68":4,"70":30,"71":30,"72":76,"74":76,"75":6,"77":6,"78":6,"80":6,"81":6,"82":3,"83":3,"84":3,"85":3,"86":6,"87":6,"88":6,"89":6,"91":76,"92":1,"93":1,"94":1,"96":76,"97":1,"98":1,"99":1,"100":1,"102":76,"103":3,"104":3,"105":6,"106":3,"107":3,"110":3,"111":6,"112":6,"113":3,"115":76,"116":3,"117":3,"118":6,"119":3,"120":3,"123":3,"124":6,"125":6,"126":3,"128":76,"129":1,"130":2,"131":2,"132":2,"133":1,"135":76,"136":2,"137":2,"139":2,"140":4,"141":4,"142":4,"143":4,"144":4,"145":4,"147":2,"148":2,"150":76,"152":76,"153":76,"154":76,"155":70,"156":70,"157":70,"158":70,"159":70,"160":70,"161":70,"162":70,"163":70,"164":70,"165":70,"166":70,"167":70,"168":70,"169":70,"170":70,"171":70,"172":70,"173":70,"175":70,"176":70,"177":70,"178":70,"179":70,"180":70,"181":70,"182":70,"183":70,"184":70,"185":70,"186":70,"187":70,"189":70,"190":70,"192":76,"193":143,"197":143,"199":143,"200":143,"201":143,"202":143,"203":143,"204":143,"205":143,"206":143,"208":143,"209":143,"210":143,"211":143,"212":143,"213":143,"214":143,"215":143,"216":26,"217":117,"219":143,"220":143,"221":143,"222":143,"223":143,"224":143,"225":3,"226":3,"227":3,"228":3,"230":143,"231":6,"232":6,"233":6,"235":6,"236":6,"238":143,"239":143,"240":143,"241":143,"242":143,"243":143,"245":143,"246":143,"247":143,"248":143,"249":143,"250":143,"251":143,"252":143,"253":143,"254":143,"256":76,"257":76,"259":76},"branchMap":{"0":{"type":"branch","line":23,"loc":{"start":{"line":23,"column":7},"end":{"line":260,"column":1}},"locations":[{"start":{"line":23,"column":7},"end":{"line":260,"column":1}}]},"1":{"type":"branch","line":155,"loc":{"start":{"line":155,"column":7},"end":{"line":191,"column":14}},"locations":[{"start":{"line":155,"column":7},"end":{"line":191,"column":14}}]},"2":{"type":"branch","line":40,"loc":{"start":{"line":40,"column":12},"end":{"line":54,"column":5}},"locations":[{"start":{"line":40,"column":12},"end":{"line":54,"column":5}}]},"3":{"type":"branch","line":41,"loc":{"start":{"line":41,"column":23},"end":{"line":51,"column":6}},"locations":[{"start":{"line":41,"column":23},"end":{"line":51,"column":6}}]},"4":{"type":"branch","line":45,"loc":{"start":{"line":45,"column":46},"end":{"line":48,"column":7}},"locations":[{"start":{"line":45,"column":46},"end":{"line":48,"column":7}}]},"5":{"type":"branch","line":47,"loc":{"start":{"line":47,"column":54},"end":{"line":47,"column":99}},"locations":[{"start":{"line":47,"column":54},"end":{"line":47,"column":99}}]},"6":{"type":"branch","line":57,"loc":{"start":{"line":57,"column":12},"end":{"line":73,"column":5}},"locations":[{"start":{"line":57,"column":12},"end":{"line":73,"column":5}}]},"7":{"type":"branch","line":58,"loc":{"start":{"line":58,"column":26},"end":{"line":69,"column":6}},"locations":[{"start":{"line":58,"column":26},"end":{"line":69,"column":6}}]},"8":{"type":"branch","line":60,"loc":{"start":{"line":60,"column":13},"end":{"line":60,"column":38}},"locations":[{"start":{"line":60,"column":13},"end":{"line":60,"column":38}}]},"9":{"type":"branch","line":60,"loc":{"start":{"line":60,"column":61},"end":{"line":63,"column":7}},"locations":[{"start":{"line":60,"column":61},"end":{"line":63,"column":7}}]},"10":{"type":"branch","line":65,"loc":{"start":{"line":65,"column":13},"end":{"line":65,"column":38}},"locations":[{"start":{"line":65,"column":13},"end":{"line":65,"column":38}}]},"11":{"type":"branch","line":65,"loc":{"start":{"line":65,"column":62},"end":{"line":68,"column":7}},"locations":[{"start":{"line":65,"column":62},"end":{"line":68,"column":7}}]},"12":{"type":"branch","line":72,"loc":{"start":{"line":72,"column":11},"end":{"line":72,"column":72}},"locations":[{"start":{"line":72,"column":11},"end":{"line":72,"column":72}}]},"13":{"type":"branch","line":75,"loc":{"start":{"line":75,"column":37},"end":{"line":90,"column":4}},"locations":[{"start":{"line":75,"column":37},"end":{"line":90,"column":4}}]},"14":{"type":"branch","line":76,"loc":{"start":{"line":76,"column":35},"end":{"line":76,"column":42}},"locations":[{"start":{"line":76,"column":35},"end":{"line":76,"column":42}}]},"15":{"type":"branch","line":82,"loc":{"start":{"line":82,"column":67},"end":{"line":87,"column":6}},"locations":[{"start":{"line":82,"column":67},"end":{"line":87,"column":6}}]},"16":{"type":"branch","line":85,"loc":{"start":{"line":85,"column":39},"end":{"line":85,"column":63}},"locations":[{"start":{"line":85,"column":39},"end":{"line":85,"column":63}}]},"17":{"type":"branch","line":85,"loc":{"start":{"line":85,"column":53},"end":{"line":85,"column":92}},"locations":[{"start":{"line":85,"column":53},"end":{"line":85,"column":92}}]},"18":{"type":"branch","line":92,"loc":{"start":{"line":92,"column":37},"end":{"line":95,"column":4}},"locations":[{"start":{"line":92,"column":37},"end":{"line":95,"column":4}}]},"19":{"type":"branch","line":97,"loc":{"start":{"line":97,"column":22},"end":{"line":101,"column":4}},"locations":[{"start":{"line":97,"column":22},"end":{"line":101,"column":4}}]},"20":{"type":"branch","line":99,"loc":{"start":{"line":99,"column":19},"end":{"line":99,"column":64}},"locations":[{"start":{"line":99,"column":19},"end":{"line":99,"column":64}}]},"21":{"type":"branch","line":103,"loc":{"start":{"line":103,"column":22},"end":{"line":114,"column":4}},"locations":[{"start":{"line":103,"column":22},"end":{"line":114,"column":4}}]},"22":{"type":"branch","line":111,"loc":{"start":{"line":111,"column":58},"end":{"line":113,"column":5}},"locations":[{"start":{"line":111,"column":58},"end":{"line":113,"column":5}}]},"23":{"type":"branch","line":105,"loc":{"start":{"line":105,"column":41},"end":{"line":107,"column":5}},"locations":[{"start":{"line":105,"column":41},"end":{"line":107,"column":5}}]},"24":{"type":"branch","line":116,"loc":{"start":{"line":116,"column":20},"end":{"line":127,"column":4}},"locations":[{"start":{"line":116,"column":20},"end":{"line":127,"column":4}}]},"25":{"type":"branch","line":124,"loc":{"start":{"line":124,"column":58},"end":{"line":126,"column":5}},"locations":[{"start":{"line":124,"column":58},"end":{"line":126,"column":5}}]},"26":{"type":"branch","line":118,"loc":{"start":{"line":118,"column":41},"end":{"line":120,"column":5}},"locations":[{"start":{"line":118,"column":41},"end":{"line":120,"column":5}}]},"27":{"type":"branch","line":129,"loc":{"start":{"line":129,"column":25},"end":{"line":134,"column":4}},"locations":[{"start":{"line":129,"column":25},"end":{"line":134,"column":4}}]},"28":{"type":"branch","line":130,"loc":{"start":{"line":130,"column":28},"end":{"line":133,"column":5}},"locations":[{"start":{"line":130,"column":28},"end":{"line":133,"column":5}}]},"29":{"type":"branch","line":136,"loc":{"start":{"line":136,"column":28},"end":{"line":149,"column":4}},"locations":[{"start":{"line":136,"column":28},"end":{"line":149,"column":4}}]},"30":{"type":"branch","line":140,"loc":{"start":{"line":140,"column":28},"end":{"line":146,"column":5}},"locations":[{"start":{"line":140,"column":28},"end":{"line":146,"column":5}}]},"31":{"type":"branch","line":193,"loc":{"start":{"line":193,"column":43},"end":{"line":257,"column":7}},"locations":[{"start":{"line":193,"column":43},"end":{"line":257,"column":7}}]},"32":{"type":"branch","line":194,"loc":{"start":{"line":194,"column":48},"end":{"line":194,"column":59}},"locations":[{"start":{"line":194,"column":48},"end":{"line":194,"column":59}}]},"33":{"type":"branch","line":205,"loc":{"start":{"line":205,"column":26},"end":{"line":205,"column":68}},"locations":[{"start":{"line":205,"column":26},"end":{"line":205,"column":68}}]},"34":{"type":"branch","line":206,"loc":{"start":{"line":206,"column":27},"end":{"line":206,"column":55}},"locations":[{"start":{"line":206,"column":27},"end":{"line":206,"column":55}}]},"35":{"type":"branch","line":216,"loc":{"start":{"line":216,"column":16},"end":{"line":216,"column":64}},"locations":[{"start":{"line":216,"column":16},"end":{"line":216,"column":64}}]},"36":{"type":"branch","line":216,"loc":{"start":{"line":216,"column":36},"end":{"line":216,"column":87}},"locations":[{"start":{"line":216,"column":36},"end":{"line":216,"column":87}}]},"37":{"type":"branch","line":216,"loc":{"start":{"line":216,"column":86},"end":{"line":217,"column":76}},"locations":[{"start":{"line":216,"column":86},"end":{"line":217,"column":76}}]},"38":{"type":"branch","line":217,"loc":{"start":{"line":217,"column":75},"end":{"line":218,"column":29}},"locations":[{"start":{"line":217,"column":75},"end":{"line":218,"column":29}}]},"39":{"type":"branch","line":225,"loc":{"start":{"line":225,"column":13},"end":{"line":225,"column":86}},"locations":[{"start":{"line":225,"column":13},"end":{"line":225,"column":86}}]},"40":{"type":"branch","line":225,"loc":{"start":{"line":225,"column":73},"end":{"line":229,"column":16}},"locations":[{"start":{"line":225,"column":73},"end":{"line":229,"column":16}}]},"41":{"type":"branch","line":231,"loc":{"start":{"line":231,"column":13},"end":{"line":231,"column":65}},"locations":[{"start":{"line":231,"column":13},"end":{"line":231,"column":65}}]},"42":{"type":"branch","line":231,"loc":{"start":{"line":231,"column":56},"end":{"line":237,"column":20}},"locations":[{"start":{"line":231,"column":56},"end":{"line":237,"column":20}}]},"43":{"type":"branch","line":241,"loc":{"start":{"line":241,"column":27},"end":{"line":241,"column":49}},"locations":[{"start":{"line":241,"column":27},"end":{"line":241,"column":49}}]},"44":{"type":"branch","line":241,"loc":{"start":{"line":241,"column":41},"end":{"line":241,"column":59}},"locations":[{"start":{"line":241,"column":41},"end":{"line":241,"column":59}}]},"45":{"type":"branch","line":214,"loc":{"start":{"line":214,"column":24},"end":{"line":214,"column":52}},"locations":[{"start":{"line":214,"column":24},"end":{"line":214,"column":52}}]},"46":{"type":"branch","line":217,"loc":{"start":{"line":217,"column":20},"end":{"line":217,"column":76}},"locations":[{"start":{"line":217,"column":20},"end":{"line":217,"column":76}}]},"47":{"type":"branch","line":222,"loc":{"start":{"line":222,"column":26},"end":{"line":222,"column":71}},"locations":[{"start":{"line":222,"column":26},"end":{"line":222,"column":71}}]},"48":{"type":"branch","line":223,"loc":{"start":{"line":223,"column":29},"end":{"line":223,"column":77}},"locations":[{"start":{"line":223,"column":29},"end":{"line":223,"column":77}}]},"49":{"type":"branch","line":234,"loc":{"start":{"line":234,"column":33},"end":{"line":234,"column":62}},"locations":[{"start":{"line":234,"column":33},"end":{"line":234,"column":62}}]}},"b":{"0":[76],"1":[70],"2":[30],"3":[30],"4":[56],"5":[52],"6":[30],"7":[4],"8":[2],"9":[2],"10":[2],"11":[2],"12":[30],"13":[6],"14":[0],"15":[3],"16":[2],"17":[1],"18":[1],"19":[1],"20":[1],"21":[3],"22":[6],"23":[6],"24":[3],"25":[6],"26":[6],"27":[1],"28":[2],"29":[2],"30":[4],"31":[143],"32":[56],"33":[0],"34":[0],"35":[139],"36":[54],"37":[26],"38":[117],"39":[6],"40":[3],"41":[6],"42":[6],"43":[10],"44":[133],"45":[1],"46":[6],"47":[1],"48":[2],"49":[1]},"fnMap":{"0":{"name":"CategoryView","decl":{"start":{"line":23,"column":7},"end":{"line":260,"column":1}},"loc":{"start":{"line":23,"column":7},"end":{"line":260,"column":1}},"line":23},"1":{"name":"loadStates","decl":{"start":{"line":41,"column":23},"end":{"line":51,"column":6}},"loc":{"start":{"line":41,"column":23},"end":{"line":51,"column":6}},"line":41},"2":{"name":"handleKeyDown","decl":{"start":{"line":58,"column":26},"end":{"line":69,"column":6}},"loc":{"start":{"line":58,"column":26},"end":{"line":69,"column":6}},"line":58},"3":{"name":"handleCategorySummaryClick","decl":{"start":{"line":75,"column":37},"end":{"line":90,"column":4}},"loc":{"start":{"line":75,"column":37},"end":{"line":90,"column":4}},"line":75},"4":{"name":"handleCloseCategorySummary","decl":{"start":{"line":92,"column":37},"end":{"line":95,"column":4}},"loc":{"start":{"line":92,"column":37},"end":{"line":95,"column":4}},"line":92},"5":{"name":"toggleGroup","decl":{"start":{"line":97,"column":22},"end":{"line":101,"column":4}},"loc":{"start":{"line":97,"column":22},"end":{"line":101,"column":4}},"line":97},"6":{"name":"collapseAll","decl":{"start":{"line":103,"column":22},"end":{"line":114,"column":4}},"loc":{"start":{"line":103,"column":22},"end":{"line":114,"column":4}},"line":103},"7":{"name":"expandAll","decl":{"start":{"line":116,"column":20},"end":{"line":127,"column":4}},"loc":{"start":{"line":116,"column":20},"end":{"line":127,"column":4}},"line":116},"8":{"name":"handleCloseAll","decl":{"start":{"line":129,"column":25},"end":{"line":134,"column":4}},"loc":{"start":{"line":129,"column":25},"end":{"line":134,"column":4}},"line":129},"9":{"name":"handleBookmarkAll","decl":{"start":{"line":136,"column":28},"end":{"line":149,"column":4}},"loc":{"start":{"line":136,"column":28},"end":{"line":149,"column":4}},"line":136},"10":{"name":"onToggle","decl":{"start":{"line":214,"column":24},"end":{"line":214,"column":52}},"loc":{"start":{"line":214,"column":24},"end":{"line":214,"column":52}},"line":214},"11":{"name":"__vite_ssr_import_0__.jsxDEV.children.__vite_ssr_import_0__.jsxDEV.onSummarize","decl":{"start":{"line":217,"column":20},"end":{"line":217,"column":76}},"loc":{"start":{"line":217,"column":20},"end":{"line":217,"column":76}},"line":217},"12":{"name":"onCloseAll","decl":{"start":{"line":222,"column":26},"end":{"line":222,"column":71}},"loc":{"start":{"line":222,"column":26},"end":{"line":222,"column":71}},"line":222},"13":{"name":"onBookmarkAll","decl":{"start":{"line":223,"column":29},"end":{"line":223,"column":77}},"loc":{"start":{"line":223,"column":29},"end":{"line":223,"column":77}},"line":223},"14":{"name":"onClick","decl":{"start":{"line":234,"column":33},"end":{"line":234,"column":62}},"loc":{"start":{"line":234,"column":33},"end":{"line":234,"column":62}},"line":234}},"f":{"0":76,"1":30,"2":4,"3":6,"4":1,"5":1,"6":3,"7":3,"8":1,"9":2,"10":1,"11":6,"12":1,"13":2,"14":1}}
,"/Users/russellsmith/Projects/ai-tab-organizer/extension/src/components/DensityToggle.tsx": {"path":"/Users/russellsmith/Projects/ai-tab-organizer/extension/src/components/DensityToggle.tsx","all":false,"statementMap":{"0":{"start":{"line":1,"column":0},"end":{"line":1,"column":26}},"8":{"start":{"line":9,"column":0},"end":{"line":9,"column":91}},"9":{"start":{"line":10,"column":0},"end":{"line":10,"column":67}},"11":{"start":{"line":12,"column":0},"end":{"line":12,"column":71}},"12":{"start":{"line":13,"column":0},"end":{"line":13,"column":53}},"13":{"start":{"line":14,"column":0},"end":{"line":14,"column":51}},"14":{"start":{"line":15,"column":0},"end":{"line":15,"column":54}},"15":{"start":{"line":16,"column":0},"end":{"line":16,"column":4}},"17":{"start":{"line":18,"column":0},"end":{"line":18,"column":46}},"18":{"start":{"line":19,"column":0},"end":{"line":19,"column":55}},"19":{"start":{"line":20,"column":0},"end":{"line":20,"column":19}},"20":{"start":{"line":21,"column":0},"end":{"line":21,"column":4}},"22":{"start":{"line":23,"column":0},"end":{"line":23,"column":10}},"23":{"start":{"line":24,"column":0},"end":{"line":24,"column":36}},"24":{"start":{"line":25,"column":0},"end":{"line":25,"column":45}},"25":{"start":{"line":26,"column":0},"end":{"line":26,"column":15}},"26":{"start":{"line":27,"column":0},"end":{"line":27,"column":20}},"27":{"start":{"line":28,"column":0},"end":{"line":28,"column":43}},"28":{"start":{"line":29,"column":0},"end":{"line":29,"column":75}},"29":{"start":{"line":30,"column":0},"end":{"line":30,"column":23}},"30":{"start":{"line":31,"column":0},"end":{"line":31,"column":28}},"32":{"start":{"line":33,"column":0},"end":{"line":33,"column":16}},"33":{"start":{"line":34,"column":0},"end":{"line":34,"column":17}},"34":{"start":{"line":35,"column":0},"end":{"line":35,"column":9}},"35":{"start":{"line":36,"column":0},"end":{"line":36,"column":10}},"37":{"start":{"line":38,"column":0},"end":{"line":38,"column":2}}},"s":{"0":1,"8":1,"9":15,"11":15,"12":15,"13":15,"14":15,"15":15,"17":15,"18":7,"19":7,"20":7,"22":15,"23":15,"24":15,"25":45,"26":45,"27":45,"28":45,"29":45,"30":45,"32":45,"33":45,"34":15,"35":15,"37":15},"branchMap":{"0":{"type":"branch","line":9,"loc":{"start":{"line":9,"column":59},"end":{"line":38,"column":2}},"locations":[{"start":{"line":9,"column":59},"end":{"line":38,"column":2}}]},"1":{"type":"branch","line":18,"loc":{"start":{"line":18,"column":22},"end":{"line":21,"column":4}},"locations":[{"start":{"line":18,"column":22},"end":{"line":21,"column":4}}]},"2":{"type":"branch","line":25,"loc":{"start":{"line":25,"column":17},"end":{"line":34,"column":17}},"locations":[{"start":{"line":25,"column":17},"end":{"line":34,"column":17}}]},"3":{"type":"branch","line":29,"loc":{"start":{"line":29,"column":52},"end":{"line":29,"column":70}},"locations":[{"start":{"line":29,"column":52},"end":{"line":29,"column":70}}]},"4":{"type":"branch","line":29,"loc":{"start":{"line":29,"column":59},"end":{"line":29,"column":72}},"locations":[{"start":{"line":29,"column":59},"end":{"line":29,"column":72}}]},"5":{"type":"branch","line":28,"loc":{"start":{"line":28,"column":19},"end":{"line":28,"column":43}},"locations":[{"start":{"line":28,"column":19},"end":{"line":28,"column":43}}]}},"b":{"0":[15],"1":[7],"2":[45],"3":[15],"4":[30],"5":[7]},"fnMap":{"0":{"name":"DensityToggle","decl":{"start":{"line":9,"column":59},"end":{"line":38,"column":2}},"loc":{"start":{"line":9,"column":59},"end":{"line":38,"column":2}},"line":9},"1":{"name":"handleClick","decl":{"start":{"line":18,"column":22},"end":{"line":21,"column":4}},"loc":{"start":{"line":18,"column":22},"end":{"line":21,"column":4}},"line":18},"2":{"name":"onClick","decl":{"start":{"line":28,"column":19},"end":{"line":28,"column":43}},"loc":{"start":{"line":28,"column":19},"end":{"line":28,"column":43}},"line":28}},"f":{"0":15,"1":7,"2":7}}
,"/Users/russellsmith/Projects/ai-tab-organizer/extension/src/components/DuplicateDetection.tsx": {"path":"/Users/russellsmith/Projects/ai-tab-organizer/extension/src/components/DuplicateDetection.tsx","all":false,"statementMap":{"0":{"start":{"line":1,"column":0},"end":{"line":1,"column":40}},"5":{"start":{"line":6,"column":0},"end":{"line":6,"column":38}},"6":{"start":{"line":7,"column":0},"end":{"line":7,"column":50}},"7":{"start":{"line":8,"column":0},"end":{"line":8,"column":63}},"8":{"start":{"line":9,"column":0},"end":{"line":9,"column":95}},"9":{"start":{"line":10,"column":0},"end":{"line":10,"column":8}},"10":{"start":{"line":11,"column":0},"end":{"line":11,"column":4}},"11":{"start":{"line":12,"column":0},"end":{"line":12,"column":58}},"13":{"start":{"line":14,"column":0},"end":{"line":14,"column":34}},"14":{"start":{"line":15,"column":0},"end":{"line":15,"column":22}},"15":{"start":{"line":16,"column":0},"end":{"line":16,"column":19}},"17":{"start":{"line":18,"column":0},"end":{"line":18,"column":9}},"19":{"start":{"line":20,"column":0},"end":{"line":20,"column":52}},"21":{"start":{"line":22,"column":0},"end":{"line":22,"column":31}},"22":{"start":{"line":23,"column":0},"end":{"line":23,"column":62}},"23":{"start":{"line":24,"column":0},"end":{"line":24,"column":27}},"24":{"start":{"line":25,"column":0},"end":{"line":25,"column":15}},"25":{"start":{"line":26,"column":0},"end":{"line":26,"column":7}},"28":{"start":{"line":29,"column":0},"end":{"line":29,"column":68}},"29":{"start":{"line":30,"column":0},"end":{"line":30,"column":41}},"31":{"start":{"line":32,"column":0},"end":{"line":32,"column":60}},"32":{"start":{"line":33,"column":0},"end":{"line":33,"column":62}},"33":{"start":{"line":34,"column":0},"end":{"line":34,"column":41}},"34":{"start":{"line":35,"column":0},"end":{"line":35,"column":34}},"35":{"start":{"line":36,"column":0},"end":{"line":36,"column":32}},"36":{"start":{"line":37,"column":0},"end":{"line":37,"column":9}},"38":{"start":{"line":39,"column":0},"end":{"line":39,"column":41}},"39":{"start":{"line":40,"column":0},"end":{"line":40,"column":16}},"40":{"start":{"line":41,"column":0},"end":{"line":41,"column":36}},"41":{"start":{"line":42,"column":0},"end":{"line":42,"column":29}},"42":{"start":{"line":43,"column":0},"end":{"line":43,"column":110}},"43":{"start":{"line":44,"column":0},"end":{"line":44,"column":9}},"44":{"start":{"line":45,"column":0},"end":{"line":45,"column":19}},"45":{"start":{"line":46,"column":0},"end":{"line":46,"column":94}},"46":{"start":{"line":47,"column":0},"end":{"line":47,"column":29}},"47":{"start":{"line":48,"column":0},"end":{"line":48,"column":15}},"48":{"start":{"line":49,"column":0},"end":{"line":49,"column":25}},"49":{"start":{"line":50,"column":0},"end":{"line":50,"column":5}},"50":{"start":{"line":51,"column":0},"end":{"line":51,"column":4}},"52":{"start":{"line":53,"column":0},"end":{"line":53,"column":66}},"53":{"start":{"line":54,"column":0},"end":{"line":54,"column":57}},"55":{"start":{"line":56,"column":0},"end":{"line":56,"column":38}},"56":{"start":{"line":57,"column":0},"end":{"line":57,"column":11}},"57":{"start":{"line":58,"column":0},"end":{"line":58,"column":41}},"58":{"start":{"line":59,"column":0},"end":{"line":59,"column":23}},"59":{"start":{"line":60,"column":0},"end":{"line":60,"column":62}},"60":{"start":{"line":61,"column":0},"end":{"line":61,"column":7}},"61":{"start":{"line":62,"column":0},"end":{"line":62,"column":5}},"64":{"start":{"line":65,"column":0},"end":{"line":65,"column":64}},"65":{"start":{"line":66,"column":0},"end":{"line":66,"column":4}},"67":{"start":{"line":68,"column":0},"end":{"line":68,"column":52}},"69":{"start":{"line":70,"column":0},"end":{"line":70,"column":64}},"70":{"start":{"line":71,"column":0},"end":{"line":71,"column":4}},"72":{"start":{"line":73,"column":0},"end":{"line":73,"column":17}},"73":{"start":{"line":74,"column":0},"end":{"line":74,"column":12}},"74":{"start":{"line":75,"column":0},"end":{"line":75,"column":43}},"75":{"start":{"line":76,"column":0},"end":{"line":76,"column":40}},"76":{"start":{"line":77,"column":0},"end":{"line":77,"column":37}},"77":{"start":{"line":78,"column":0},"end":{"line":78,"column":46}},"78":{"start":{"line":79,"column":0},"end":{"line":79,"column":61}},"79":{"start":{"line":80,"column":0},"end":{"line":80,"column":14}},"80":{"start":{"line":81,"column":0},"end":{"line":81,"column":12}},"82":{"start":{"line":83,"column":0},"end":{"line":83,"column":3}},"84":{"start":{"line":85,"column":0},"end":{"line":85,"column":10}},"85":{"start":{"line":86,"column":0},"end":{"line":86,"column":41}},"86":{"start":{"line":87,"column":0},"end":{"line":87,"column":40}},"87":{"start":{"line":88,"column":0},"end":{"line":88,"column":40}},"88":{"start":{"line":89,"column":0},"end":{"line":89,"column":41}},"89":{"start":{"line":90,"column":0},"end":{"line":90,"column":44}},"91":{"start":{"line":92,"column":0},"end":{"line":92,"column":14}},"92":{"start":{"line":93,"column":0},"end":{"line":93,"column":14}},"93":{"start":{"line":94,"column":0},"end":{"line":94,"column":61}},"95":{"start":{"line":96,"column":0},"end":{"line":96,"column":17}},"96":{"start":{"line":97,"column":0},"end":{"line":97,"column":12}},"98":{"start":{"line":99,"column":0},"end":{"line":99,"column":17}},"99":{"start":{"line":100,"column":0},"end":{"line":100,"column":41}},"100":{"start":{"line":101,"column":0},"end":{"line":101,"column":20}},"101":{"start":{"line":102,"column":0},"end":{"line":102,"column":14}},"104":{"start":{"line":105,"column":0},"end":{"line":105,"column":54}},"105":{"start":{"line":106,"column":0},"end":{"line":106,"column":39}},"106":{"start":{"line":107,"column":0},"end":{"line":107,"column":47}},"107":{"start":{"line":108,"column":0},"end":{"line":108,"column":39}},"108":{"start":{"line":109,"column":0},"end":{"line":109,"column":36}},"109":{"start":{"line":110,"column":0},"end":{"line":110,"column":37}},"110":{"start":{"line":111,"column":0},"end":{"line":111,"column":68}},"111":{"start":{"line":112,"column":0},"end":{"line":112,"column":14}},"112":{"start":{"line":113,"column":0},"end":{"line":113,"column":57}},"113":{"start":{"line":114,"column":0},"end":{"line":114,"column":14}},"116":{"start":{"line":117,"column":0},"end":{"line":117,"column":30}},"117":{"start":{"line":118,"column":0},"end":{"line":118,"column":43}},"118":{"start":{"line":119,"column":0},"end":{"line":119,"column":43}},"119":{"start":{"line":120,"column":0},"end":{"line":120,"column":43}},"120":{"start":{"line":121,"column":0},"end":{"line":121,"column":83}},"121":{"start":{"line":122,"column":0},"end":{"line":122,"column":19}},"122":{"start":{"line":123,"column":0},"end":{"line":123,"column":23}},"123":{"start":{"line":124,"column":0},"end":{"line":124,"column":45}},"124":{"start":{"line":125,"column":0},"end":{"line":125,"column":30}},"125":{"start":{"line":126,"column":0},"end":{"line":126,"column":66}},"126":{"start":{"line":127,"column":0},"end":{"line":127,"column":21}},"128":{"start":{"line":129,"column":0},"end":{"line":129,"column":16}},"130":{"start":{"line":131,"column":0},"end":{"line":131,"column":44}},"131":{"start":{"line":132,"column":0},"end":{"line":132,"column":37}},"132":{"start":{"line":133,"column":0},"end":{"line":133,"column":62}},"133":{"start":{"line":134,"column":0},"end":{"line":134,"column":46}},"134":{"start":{"line":135,"column":0},"end":{"line":135,"column":48}},"135":{"start":{"line":136,"column":0},"end":{"line":136,"column":55}},"136":{"start":{"line":137,"column":0},"end":{"line":137,"column":67}},"137":{"start":{"line":138,"column":0},"end":{"line":138,"column":27}},"138":{"start":{"line":139,"column":0},"end":{"line":139,"column":85}},"139":{"start":{"line":140,"column":0},"end":{"line":140,"column":45}},"140":{"start":{"line":141,"column":0},"end":{"line":141,"column":27}},"141":{"start":{"line":142,"column":0},"end":{"line":142,"column":24}},"142":{"start":{"line":143,"column":0},"end":{"line":143,"column":64}},"143":{"start":{"line":144,"column":0},"end":{"line":144,"column":22}},"145":{"start":{"line":146,"column":0},"end":{"line":146,"column":43}},"146":{"start":{"line":147,"column":0},"end":{"line":147,"column":44}},"147":{"start":{"line":148,"column":0},"end":{"line":148,"column":24}},"148":{"start":{"line":149,"column":0},"end":{"line":149,"column":34}},"149":{"start":{"line":150,"column":0},"end":{"line":150,"column":45}},"150":{"start":{"line":151,"column":0},"end":{"line":151,"column":86}},"151":{"start":{"line":152,"column":0},"end":{"line":152,"column":25}},"153":{"start":{"line":154,"column":0},"end":{"line":154,"column":42}},"154":{"start":{"line":155,"column":0},"end":{"line":155,"column":83}},"156":{"start":{"line":157,"column":0},"end":{"line":157,"column":48}},"157":{"start":{"line":158,"column":0},"end":{"line":158,"column":82}},"158":{"start":{"line":159,"column":0},"end":{"line":159,"column":49}},"159":{"start":{"line":160,"column":0},"end":{"line":160,"column":68}},"160":{"start":{"line":161,"column":0},"end":{"line":161,"column":30}},"161":{"start":{"line":162,"column":0},"end":{"line":162,"column":28}},"162":{"start":{"line":163,"column":0},"end":{"line":163,"column":69}},"163":{"start":{"line":164,"column":0},"end":{"line":164,"column":66}},"165":{"start":{"line":166,"column":0},"end":{"line":166,"column":26}},"166":{"start":{"line":167,"column":0},"end":{"line":167,"column":21}},"167":{"start":{"line":168,"column":0},"end":{"line":168,"column":22}},"169":{"start":{"line":170,"column":0},"end":{"line":170,"column":47}},"170":{"start":{"line":171,"column":0},"end":{"line":171,"column":25}},"171":{"start":{"line":172,"column":0},"end":{"line":172,"column":64}},"172":{"start":{"line":173,"column":0},"end":{"line":173,"column":55}},"173":{"start":{"line":174,"column":0},"end":{"line":174,"column":19}},"174":{"start":{"line":175,"column":0},"end":{"line":175,"column":77}},"175":{"start":{"line":176,"column":0},"end":{"line":176,"column":76}},"176":{"start":{"line":177,"column":0},"end":{"line":177,"column":27}},"177":{"start":{"line":178,"column":0},"end":{"line":178,"column":25}},"178":{"start":{"line":179,"column":0},"end":{"line":179,"column":56}},"179":{"start":{"line":180,"column":0},"end":{"line":180,"column":47}},"180":{"start":{"line":181,"column":0},"end":{"line":181,"column":19}},"182":{"start":{"line":183,"column":0},"end":{"line":183,"column":27}},"183":{"start":{"line":184,"column":0},"end":{"line":184,"column":22}},"184":{"start":{"line":185,"column":0},"end":{"line":185,"column":20}},"185":{"start":{"line":186,"column":0},"end":{"line":186,"column":15}},"186":{"start":{"line":187,"column":0},"end":{"line":187,"column":16}},"187":{"start":{"line":188,"column":0},"end":{"line":188,"column":14}},"189":{"start":{"line":190,"column":0},"end":{"line":190,"column":10}},"191":{"start":{"line":192,"column":0},"end":{"line":192,"column":1}}},"s":{"0":1,"5":1,"6":88,"7":88,"8":88,"9":88,"10":88,"11":88,"13":88,"14":28,"15":28,"17":28,"19":28,"21":28,"22":1,"23":1,"24":1,"25":1,"28":27,"29":27,"31":27,"32":27,"33":27,"34":27,"35":27,"36":27,"38":22,"39":22,"40":22,"41":22,"42":22,"43":22,"44":28,"45":3,"46":3,"47":28,"48":26,"49":26,"50":28,"52":88,"53":3,"55":3,"56":3,"57":3,"58":3,"59":1,"60":1,"61":3,"64":3,"65":3,"67":88,"69":1,"70":1,"72":88,"73":28,"74":28,"75":28,"76":28,"77":28,"78":28,"79":28,"80":28,"82":28,"84":60,"85":60,"86":60,"87":60,"88":60,"89":60,"91":60,"92":60,"93":60,"95":60,"96":60,"98":60,"99":4,"100":4,"101":4,"104":88,"105":12,"106":12,"107":12,"108":12,"109":12,"110":12,"111":12,"112":12,"113":12,"116":88,"117":14,"118":14,"119":14,"120":14,"121":14,"122":14,"123":14,"124":14,"125":14,"126":14,"128":14,"130":14,"131":14,"132":15,"133":15,"134":15,"135":15,"136":15,"137":15,"138":15,"139":15,"140":15,"141":15,"142":15,"143":15,"145":15,"146":15,"147":31,"148":31,"149":31,"150":31,"151":31,"153":31,"154":31,"156":31,"157":31,"158":31,"159":31,"160":31,"161":31,"162":31,"163":15,"165":31,"166":15,"167":15,"169":15,"170":15,"171":15,"172":15,"173":15,"174":15,"175":15,"176":15,"177":15,"178":15,"179":15,"180":15,"182":15,"183":15,"184":15,"185":14,"186":14,"187":14,"189":88,"191":88},"branchMap":{"0":{"type":"branch","line":6,"loc":{"start":{"line":6,"column":7},"end":{"line":192,"column":1}},"locations":[{"start":{"line":6,"column":7},"end":{"line":192,"column":1}}]},"1":{"type":"branch","line":73,"loc":{"start":{"line":73,"column":16},"end":{"line":83,"column":3}},"locations":[{"start":{"line":73,"column":16},"end":{"line":83,"column":3}}]},"2":{"type":"branch","line":83,"loc":{"start":{"line":83,"column":2},"end":{"line":99,"column":17}},"locations":[{"start":{"line":83,"column":2},"end":{"line":99,"column":17}}]},"3":{"type":"branch","line":99,"loc":{"start":{"line":99,"column":7},"end":{"line":102,"column":14}},"locations":[{"start":{"line":99,"column":7},"end":{"line":102,"column":14}}]},"4":{"type":"branch","line":105,"loc":{"start":{"line":105,"column":8},"end":{"line":105,"column":44}},"locations":[{"start":{"line":105,"column":8},"end":{"line":105,"column":44}}]},"5":{"type":"branch","line":105,"loc":{"start":{"line":105,"column":39},"end":{"line":105,"column":54}},"locations":[{"start":{"line":105,"column":39},"end":{"line":105,"column":54}}]},"6":{"type":"branch","line":105,"loc":{"start":{"line":105,"column":44},"end":{"line":114,"column":14}},"locations":[{"start":{"line":105,"column":44},"end":{"line":114,"column":14}}]},"7":{"type":"branch","line":111,"loc":{"start":{"line":111,"column":26},"end":{"line":111,"column":68}},"locations":[{"start":{"line":111,"column":26},"end":{"line":111,"column":68}}]},"8":{"type":"branch","line":117,"loc":{"start":{"line":117,"column":24},"end":{"line":188,"column":14}},"locations":[{"start":{"line":117,"column":24},"end":{"line":188,"column":14}}]},"9":{"type":"branch","line":121,"loc":{"start":{"line":121,"column":70},"end":{"line":121,"column":80}},"locations":[{"start":{"line":121,"column":70},"end":{"line":121,"column":80}}]},"10":{"type":"branch","line":121,"loc":{"start":{"line":121,"column":74},"end":{"line":121,"column":83}},"locations":[{"start":{"line":121,"column":74},"end":{"line":121,"column":83}}]},"11":{"type":"branch","line":126,"loc":{"start":{"line":126,"column":30},"end":{"line":126,"column":66}},"locations":[{"start":{"line":126,"column":30},"end":{"line":126,"column":66}}]},"12":{"type":"branch","line":14,"loc":{"start":{"line":14,"column":21},"end":{"line":51,"column":4}},"locations":[{"start":{"line":14,"column":21},"end":{"line":51,"column":4}}]},"13":{"type":"branch","line":22,"loc":{"start":{"line":22,"column":30},"end":{"line":26,"column":7}},"locations":[{"start":{"line":22,"column":30},"end":{"line":26,"column":7}}]},"14":{"type":"branch","line":26,"loc":{"start":{"line":26,"column":6},"end":{"line":37,"column":9}},"locations":[{"start":{"line":26,"column":6},"end":{"line":37,"column":9}}]},"15":{"type":"branch","line":37,"loc":{"start":{"line":37,"column":7},"end":{"line":45,"column":13}},"locations":[{"start":{"line":37,"column":7},"end":{"line":45,"column":13}}]},"16":{"type":"branch","line":45,"loc":{"start":{"line":45,"column":4},"end":{"line":48,"column":6}},"locations":[{"start":{"line":45,"column":4},"end":{"line":48,"column":6}}]},"17":{"type":"branch","line":46,"loc":{"start":{"line":46,"column":42},"end":{"line":46,"column":64}},"locations":[{"start":{"line":46,"column":42},"end":{"line":46,"column":64}}]},"18":{"type":"branch","line":46,"loc":{"start":{"line":46,"column":54},"end":{"line":46,"column":94}},"locations":[{"start":{"line":46,"column":54},"end":{"line":46,"column":94}}]},"19":{"type":"branch","line":48,"loc":{"start":{"line":48,"column":4},"end":{"line":48,"column":6}},"locations":[{"start":{"line":48,"column":4},"end":{"line":48,"column":6}}]},"20":{"type":"branch","line":48,"loc":{"start":{"line":48,"column":4},"end":{"line":50,"column":5}},"locations":[{"start":{"line":48,"column":4},"end":{"line":50,"column":5}}]},"21":{"type":"branch","line":53,"loc":{"start":{"line":53,"column":32},"end":{"line":66,"column":4}},"locations":[{"start":{"line":53,"column":32},"end":{"line":66,"column":4}}]},"22":{"type":"branch","line":58,"loc":{"start":{"line":58,"column":39},"end":{"line":59,"column":15}},"locations":[{"start":{"line":58,"column":39},"end":{"line":59,"column":15}}]},"23":{"type":"branch","line":59,"loc":{"start":{"line":59,"column":6},"end":{"line":61,"column":7}},"locations":[{"start":{"line":59,"column":6},"end":{"line":61,"column":7}}]},"24":{"type":"branch","line":65,"loc":{"start":{"line":65,"column":15},"end":{"line":65,"column":62}},"locations":[{"start":{"line":65,"column":15},"end":{"line":65,"column":62}}]},"25":{"type":"branch","line":65,"loc":{"start":{"line":65,"column":37},"end":{"line":65,"column":61}},"locations":[{"start":{"line":65,"column":37},"end":{"line":65,"column":61}}]},"26":{"type":"branch","line":68,"loc":{"start":{"line":68,"column":24},"end":{"line":71,"column":4}},"locations":[{"start":{"line":68,"column":24},"end":{"line":71,"column":4}}]},"27":{"type":"branch","line":70,"loc":{"start":{"line":70,"column":15},"end":{"line":70,"column":62}},"locations":[{"start":{"line":70,"column":15},"end":{"line":70,"column":62}}]},"28":{"type":"branch","line":70,"loc":{"start":{"line":70,"column":37},"end":{"line":70,"column":61}},"locations":[{"start":{"line":70,"column":37},"end":{"line":70,"column":61}}]},"29":{"type":"branch","line":132,"loc":{"start":{"line":132,"column":25},"end":{"line":185,"column":20}},"locations":[{"start":{"line":132,"column":25},"end":{"line":185,"column":20}}]},"30":{"type":"branch","line":176,"loc":{"start":{"line":176,"column":63},"end":{"line":176,"column":73}},"locations":[{"start":{"line":176,"column":63},"end":{"line":176,"column":73}}]},"31":{"type":"branch","line":176,"loc":{"start":{"line":176,"column":67},"end":{"line":176,"column":76}},"locations":[{"start":{"line":176,"column":67},"end":{"line":176,"column":76}}]},"32":{"type":"branch","line":147,"loc":{"start":{"line":147,"column":34},"end":{"line":166,"column":26}},"locations":[{"start":{"line":147,"column":34},"end":{"line":166,"column":26}}]},"33":{"type":"branch","line":151,"loc":{"start":{"line":151,"column":63},"end":{"line":151,"column":84}},"locations":[{"start":{"line":151,"column":63},"end":{"line":151,"column":84}}]},"34":{"type":"branch","line":151,"loc":{"start":{"line":151,"column":68},"end":{"line":151,"column":86}},"locations":[{"start":{"line":151,"column":68},"end":{"line":151,"column":86}}]},"35":{"type":"branch","line":158,"loc":{"start":{"line":158,"column":56},"end":{"line":158,"column":76}},"locations":[{"start":{"line":158,"column":56},"end":{"line":158,"column":76}}]},"36":{"type":"branch","line":160,"loc":{"start":{"line":160,"column":54},"end":{"line":160,"column":68}},"locations":[{"start":{"line":160,"column":54},"end":{"line":160,"column":68}}]},"37":{"type":"branch","line":163,"loc":{"start":{"line":163,"column":62},"end":{"line":164,"column":66}},"locations":[{"start":{"line":163,"column":62},"end":{"line":164,"column":66}}]},"38":{"type":"branch","line":172,"loc":{"start":{"line":172,"column":29},"end":{"line":172,"column":64}},"locations":[{"start":{"line":172,"column":29},"end":{"line":172,"column":64}}]},"39":{"type":"branch","line":179,"loc":{"start":{"line":179,"column":29},"end":{"line":179,"column":56}},"locations":[{"start":{"line":179,"column":29},"end":{"line":179,"column":56}}]}},"b":{"0":[88],"1":[28],"2":[60],"3":[4],"4":[60],"5":[46],"6":[12],"7":[3],"8":[14],"9":[1],"10":[13],"11":[0],"12":[28],"13":[1],"14":[27],"15":[22],"16":[3],"17":[2],"18":[1],"19":[25],"20":[26],"21":[3],"22":[2],"23":[1],"24":[3],"25":[3],"26":[1],"27":[1],"28":[1],"29":[15],"30":[1],"31":[14],"32":[31],"33":[15],"34":[16],"35":[1],"36":[0],"37":[15],"38":[3],"39":[1]},"fnMap":{"0":{"name":"DuplicateDetection","decl":{"start":{"line":6,"column":7},"end":{"line":192,"column":1}},"loc":{"start":{"line":6,"column":7},"end":{"line":192,"column":1}},"line":6},"1":{"name":"handleScan","decl":{"start":{"line":14,"column":21},"end":{"line":51,"column":4}},"loc":{"start":{"line":14,"column":21},"end":{"line":51,"column":4}},"line":14},"2":{"name":"handleCloseDuplicates","decl":{"start":{"line":53,"column":32},"end":{"line":66,"column":4}},"loc":{"start":{"line":53,"column":32},"end":{"line":66,"column":4}},"line":53},"3":{"name":"handleKeepAll","decl":{"start":{"line":68,"column":24},"end":{"line":71,"column":4}},"loc":{"start":{"line":68,"column":24},"end":{"line":71,"column":4}},"line":68},"4":{"name":"onClick","decl":{"start":{"line":172,"column":29},"end":{"line":172,"column":64}},"loc":{"start":{"line":172,"column":29},"end":{"line":172,"column":64}},"line":172},"5":{"name":"onClick","decl":{"start":{"line":179,"column":29},"end":{"line":179,"column":56}},"loc":{"start":{"line":179,"column":29},"end":{"line":179,"column":56}},"line":179}},"f":{"0":88,"1":28,"2":3,"3":1,"4":3,"5":1}}
[...]
":0},"end":{"line":155,"column":69}},"155":{"start":{"line":156,"column":0},"end":{"line":156,"column":4}},"160":{"start":{"line":161,"column":0},"end":{"line":161,"column":64}},"161":{"start":{"line":162,"column":0},"end":{"line":162,"column":79}},"162":{"start":{"line":163,"column":0},"end":{"line":163,"column":4}},"167":{"start":{"line":168,"column":0},"end":{"line":168,"column":55}},"168":{"start":{"line":169,"column":0},"end":{"line":169,"column":79}},"169":{"start":{"line":170,"column":0},"end":{"line":170,"column":53}},"170":{"start":{"line":171,"column":0},"end":{"line":171,"column":4}},"175":{"start":{"line":176,"column":0},"end":{"line":176,"column":58}},"176":{"start":{"line":177,"column":0},"end":{"line":177,"column":74}},"177":{"start":{"line":178,"column":0},"end":{"line":178,"column":4}},"182":{"start":{"line":183,"column":0},"end":{"line":183,"column":48}},"183":{"start":{"line":184,"column":0},"end":{"line":184,"column":79}},"184":{"start":{"line":185,"column":0},"end":{"line":185,"column":51}},"185":{"start":{"line":186,"column":0},"end":{"line":186,"column":4}},"190":{"start":{"line":191,"column":0},"end":{"line":191,"column":80}},"191":{"start":{"line":192,"column":0},"end":{"line":192,"column":47}},"192":{"start":{"line":193,"column":0},"end":{"line":193,"column":37}},"193":{"start":{"line":194,"column":0},"end":{"line":194,"column":76}},"194":{"start":{"line":195,"column":0},"end":{"line":195,"column":4}},"199":{"start":{"line":200,"column":0},"end":{"line":200,"column":43}},"200":{"start":{"line":201,"column":0},"end":{"line":201,"column":65}},"201":{"start":{"line":202,"column":0},"end":{"line":202,"column":4}},"206":{"start":{"line":207,"column":0},"end":{"line":207,"column":54}},"207":{"start":{"line":208,"column":0},"end":{"line":208,"column":75}},"208":{"start":{"line":209,"column":0},"end":{"line":209,"column":57}},"209":{"start":{"line":210,"column":0},"end":{"line":210,"column":63}},"210":{"start":{"line":211,"column":0},"end":{"line":211,"column":21}},"211":{"start":{"line":212,"column":0},"end":{"line":212,"column":25}},"212":{"start":{"line":213,"column":0},"end":{"line":213,"column":39}},"213":{"start":{"line":214,"column":0},"end":{"line":214,"column":31}},"214":{"start":{"line":215,"column":0},"end":{"line":215,"column":41}},"215":{"start":{"line":216,"column":0},"end":{"line":216,"column":42}},"216":{"start":{"line":217,"column":0},"end":{"line":217,"column":69}},"217":{"start":{"line":218,"column":0},"end":{"line":218,"column":46}},"218":{"start":{"line":219,"column":0},"end":{"line":219,"column":48}},"219":{"start":{"line":220,"column":0},"end":{"line":220,"column":8}},"220":{"start":{"line":221,"column":0},"end":{"line":221,"column":4}},"225":{"start":{"line":226,"column":0},"end":{"line":226,"column":64}},"226":{"start":{"line":227,"column":0},"end":{"line":227,"column":75}},"227":{"start":{"line":228,"column":0},"end":{"line":228,"column":57}},"228":{"start":{"line":229,"column":0},"end":{"line":229,"column":39}},"229":{"start":{"line":230,"column":0},"end":{"line":230,"column":4}},"234":{"start":{"line":235,"column":0},"end":{"line":235,"column":54}},"235":{"start":{"line":236,"column":0},"end":{"line":236,"column":75}},"236":{"start":{"line":237,"column":0},"end":{"line":237,"column":57}},"237":{"start":{"line":238,"column":0},"end":{"line":238,"column":35}},"238":{"start":{"line":239,"column":0},"end":{"line":239,"column":74}},"239":{"start":{"line":240,"column":0},"end":{"line":240,"column":4}},"244":{"start":{"line":245,"column":0},"end":{"line":245,"column":57}},"245":{"start":{"line":246,"column":0},"end":{"line":246,"column":75}},"246":{"start":{"line":247,"column":0},"end":{"line":247,"column":57}},"247":{"start":{"line":248,"column":0},"end":{"line":248,"column":31}},"248":{"start":{"line":249,"column":0},"end":{"line":249,"column":74}},"249":{"start":{"line":250,"column":0},"end":{"line":250,"column":4}},"254":{"start":{"line":255,"column":0},"end":{"line":255,"column":30}},"255":{"start":{"line":256,"column":0},"end":{"line":256,"column":22}},"256":{"start":{"line":257,"column":0},"end":{"line":257,"column":59}},"257":{"start":{"line":258,"column":0},"end":{"line":258,"column":20}},"258":{"start":{"line":259,"column":0},"end":{"line":259,"column":53}},"259":{"start":{"line":260,"column":0},"end":{"line":260,"column":25}},"261":{"start":{"line":262,"column":0},"end":{"line":262,"column":37}},"262":{"start":{"line":263,"column":0},"end":{"line":263,"column":17}},"263":{"start":{"line":264,"column":0},"end":{"line":264,"column":17}},"264":{"start":{"line":265,"column":0},"end":{"line":265,"column":31}},"265":{"start":{"line":266,"column":0},"end":{"line":266,"column":6}},"267":{"start":{"line":268,"column":0},"end":{"line":268,"column":43}},"268":{"start":{"line":269,"column":0},"end":{"line":269,"column":4}},"269":{"start":{"line":270,"column":0},"end":{"line":270,"column":2}}},"s":{"5":1,"6":1,"7":1,"8":1,"9":1,"10":1,"11":1,"12":1,"13":1,"15":1,"17":1,"21":1,"22":4,"23":4,"24":4,"29":1,"30":2,"31":2,"36":1,"37":2,"38":2,"43":1,"44":14,"45":14,"46":14,"51":1,"52":7,"53":7,"58":1,"59":3,"60":3,"62":3,"65":3,"66":1,"67":1,"68":1,"70":1,"71":3,"76":1,"77":1,"78":1,"79":1,"80":1,"85":1,"86":2,"87":2,"88":2,"89":2,"94":1,"95":3,"96":3,"98":3,"101":3,"102":1,"103":1,"104":1,"106":1,"107":3,"112":1,"113":1,"114":1,"115":1,"116":1,"121":1,"122":2,"123":2,"124":2,"125":2,"130":1,"131":1,"132":1,"137":1,"138":2,"139":2,"140":2,"145":1,"146":1,"147":1,"152":1,"153":3,"154":3,"155":3,"160":1,"161":2,"162":2,"167":1,"168":4,"169":4,"170":4,"175":1,"176":2,"177":2,"182":1,"183":8,"184":8,"185":8,"190":1,"191":4,"192":4,"193":4,"194":4,"199":1,"200":2,"201":2,"206":1,"207":3,"208":3,"209":3,"210":3,"211":3,"212":3,"213":3,"214":3,"215":3,"216":3,"217":3,"218":3,"219":3,"220":3,"225":1,"226":9,"227":9,"228":9,"229":9,"234":1,"235":8,"236":8,"237":8,"238":8,"239":8,"244":1,"245":3,"246":3,"247":3,"248":3,"249":3,"254":1,"255":6,"256":6,"257":6,"258":6,"259":6,"261":5,"262":5,"263":5,"264":5,"265":5,"267":5,"268":6,"269":1},"branchMap":{"0":{"type":"branch","line":22,"loc":{"start":{"line":22,"column":2},"end":{"line":25,"column":4}},"locations":[{"start":{"line":22,"column":2},"end":{"line":25,"column":4}}]},"1":{"type":"branch","line":24,"loc":{"start":{"line":24,"column":38},"end":{"line":24,"column":48}},"locations":[{"start":{"line":24,"column":38},"end":{"line":24,"column":48}}]},"2":{"type":"branch","line":30,"loc":{"start":{"line":30,"column":2},"end":{"line":32,"column":4}},"locations":[{"start":{"line":30,"column":2},"end":{"line":32,"column":4}}]},"3":{"type":"branch","line":37,"loc":{"start":{"line":37,"column":2},"end":{"line":39,"column":4}},"locations":[{"start":{"line":37,"column":2},"end":{"line":39,"column":4}}]},"4":{"type":"branch","line":44,"loc":{"start":{"line":44,"column":2},"end":{"line":47,"column":4}},"locations":[{"start":{"line":44,"column":2},"end":{"line":47,"column":4}}]},"5":{"type":"branch","line":46,"loc":{"start":{"line":46,"column":44},"end":{"line":46,"column":78}},"locations":[{"start":{"line":46,"column":44},"end":{"line":46,"column":78}}]},"6":{"type":"branch","line":52,"loc":{"start":{"line":52,"column":2},"end":{"line":54,"column":4}},"locations":[{"start":{"line":52,"column":2},"end":{"line":54,"column":4}}]},"7":{"type":"branch","line":59,"loc":{"start":{"line":59,"column":2},"end":{"line":72,"column":4}},"locations":[{"start":{"line":59,"column":2},"end":{"line":72,"column":4}}]},"8":{"type":"branch","line":63,"loc":{"start":{"line":63,"column":18},"end":{"line":63,"column":30}},"locations":[{"start":{"line":63,"column":18},"end":{"line":63,"column":30}}]},"9":{"type":"branch","line":63,"loc":{"start":{"line":63,"column":25},"end":{"line":66,"column":57}},"locations":[{"start":{"line":63,"column":25},"end":{"line":66,"column":57}}]},"10":{"type":"branch","line":66,"loc":{"start":{"line":66,"column":57},"end":{"line":71,"column":19}},"locations":[{"start":{"line":66,"column":57},"end":{"line":71,"column":19}}]},"11":{"type":"branch","line":77,"loc":{"start":{"line":77,"column":2},"end":{"line":81,"column":4}},"locations":[{"start":{"line":77,"column":2},"end":{"line":81,"column":4}}]},"12":{"type":"branch","line":86,"loc":{"start":{"line":86,"column":2},"end":{"line":90,"column":4}},"locations":[{"start":{"line":86,"column":2},"end":{"line":90,"column":4}}]},"13":{"type":"branch","line":95,"loc":{"start":{"line":95,"column":2},"end":{"line":108,"column":4}},"locations":[{"start":{"line":95,"column":2},"end":{"line":108,"column":4}}]},"14":{"type":"branch","line":99,"loc":{"start":{"line":99,"column":18},"end":{"line":99,"column":30}},"locations":[{"start":{"line":99,"column":18},"end":{"line":99,"column":30}}]},"15":{"type":"branch","line":99,"loc":{"start":{"line":99,"column":25},"end":{"line":102,"column":57}},"locations":[{"start":{"line":99,"column":25},"end":{"line":102,"column":57}}]},"16":{"type":"branch","line":102,"loc":{"start":{"line":102,"column":57},"end":{"line":107,"column":19}},"locations":[{"start":{"line":102,"column":57},"end":{"line":107,"column":19}}]},"17":{"type":"branch","line":113,"loc":{"start":{"line":113,"column":2},"end":{"line":117,"column":4}},"locations":[{"start":{"line":113,"column":2},"end":{"line":117,"column":4}}]},"18":{"type":"branch","line":122,"loc":{"start":{"line":122,"column":2},"end":{"line":126,"column":4}},"locations":[{"start":{"line":122,"column":2},"end":{"line":126,"column":4}}]},"19":{"type":"branch","line":131,"loc":{"start":{"line":131,"column":2},"end":{"line":133,"column":4}},"locations":[{"start":{"line":131,"column":2},"end":{"line":133,"column":4}}]},"20":{"type":"branch","line":138,"loc":{"start":{"line":138,"column":2},"end":{"line":141,"column":4}},"locations":[{"start":{"line":138,"column":2},"end":{"line":141,"column":4}}]},"21":{"type":"branch","line":140,"loc":{"start":{"line":140,"column":47},"end":{"line":140,"column":89}},"locations":[{"start":{"line":140,"column":47},"end":{"line":140,"column":89}}]},"22":{"type":"branch","line":146,"loc":{"start":{"line":146,"column":2},"end":{"line":148,"column":4}},"locations":[{"start":{"line":146,"column":2},"end":{"line":148,"column":4}}]},"23":{"type":"branch","line":153,"loc":{"start":{"line":153,"column":2},"end":{"line":156,"column":4}},"locations":[{"start":{"line":153,"column":2},"end":{"line":156,"column":4}}]},"24":{"type":"branch","line":155,"loc":{"start":{"line":155,"column":44},"end":{"line":155,"column":69}},"locations":[{"start":{"line":155,"column":44},"end":{"line":155,"column":69}}]},"25":{"type":"branch","line":161,"loc":{"start":{"line":161,"column":2},"end":{"line":163,"column":4}},"locations":[{"start":{"line":161,"column":2},"end":{"line":163,"column":4}}]},"26":{"type":"branch","line":168,"loc":{"start":{"line":168,"column":2},"end":{"line":171,"column":4}},"locations":[{"start":{"line":168,"column":2},"end":{"line":171,"column":4}}]},"27":{"type":"branch","line":170,"loc":{"start":{"line":170,"column":43},"end":{"line":170,"column":53}},"locations":[{"start":{"line":170,"column":43},"end":{"line":170,"column":53}}]},"28":{"type":"branch","line":176,"loc":{"start":{"line":176,"column":2},"end":{"line":178,"column":4}},"locations":[{"start":{"line":176,"column":2},"end":{"line":178,"column":4}}]},"29":{"type":"branch","line":183,"loc":{"start":{"line":183,"column":2},"end":{"line":186,"column":4}},"locations":[{"start":{"line":183,"column":2},"end":{"line":186,"column":4}}]},"30":{"type":"branch","line":185,"loc":{"start":{"line":185,"column":43},"end":{"line":185,"column":51}},"locations":[{"start":{"line":185,"column":43},"end":{"line":185,"column":51}}]},"31":{"type":"branch","line":191,"loc":{"start":{"line":191,"column":2},"end":{"line":195,"column":4}},"locations":[{"start":{"line":191,"column":2},"end":{"line":195,"column":4}}]},"32":{"type":"branch","line":200,"loc":{"start":{"line":200,"column":2},"end":{"line":202,"column":4}},"locations":[{"start":{"line":200,"column":2},"end":{"line":202,"column":4}}]},"33":{"type":"branch","line":207,"loc":{"start":{"line":207,"column":2},"end":{"line":221,"column":4}},"locations":[{"start":{"line":207,"column":2},"end":{"line":221,"column":4}}]},"34":{"type":"branch","line":209,"loc":{"start":{"line":209,"column":49},"end":{"line":209,"column":57}},"locations":[{"start":{"line":209,"column":49},"end":{"line":209,"column":57}}]},"35":{"type":"branch","line":210,"loc":{"start":{"line":210,"column":39},"end":{"line":220,"column":6}},"locations":[{"start":{"line":210,"column":39},"end":{"line":220,"column":6}}]},"36":{"type":"branch","line":217,"loc":{"start":{"line":217,"column":44},"end":{"line":217,"column":56}},"locations":[{"start":{"line":217,"column":44},"end":{"line":217,"column":56}}]},"37":{"type":"branch","line":226,"loc":{"start":{"line":226,"column":2},"end":{"line":230,"column":4}},"locations":[{"start":{"line":226,"column":2},"end":{"line":230,"column":4}}]},"38":{"type":"branch","line":228,"loc":{"start":{"line":228,"column":49},"end":{"line":228,"column":57}},"locations":[{"start":{"line":228,"column":49},"end":{"line":228,"column":57}}]},"39":{"type":"branch","line":229,"loc":{"start":{"line":229,"column":29},"end":{"line":229,"column":39}},"locations":[{"start":{"line":229,"column":29},"end":{"line":229,"column":39}}]},"40":{"type":"branch","line":235,"loc":{"start":{"line":235,"column":2},"end":{"line":240,"column":4}},"locations":[{"start":{"line":235,"column":2},"end":{"line":240,"column":4}}]},"41":{"type":"branch","line":237,"loc":{"start":{"line":237,"column":49},"end":{"line":237,"column":57}},"locations":[{"start":{"line":237,"column":49},"end":{"line":237,"column":57}}]},"42":{"type":"branch","line":245,"loc":{"start":{"line":245,"column":2},"end":{"line":250,"column":4}},"locations":[{"start":{"line":245,"column":2},"end":{"line":250,"column":4}}]},"43":{"type":"branch","line":247,"loc":{"start":{"line":247,"column":49},"end":{"line":247,"column":57}},"locations":[{"start":{"line":247,"column":49},"end":{"line":247,"column":57}}]},"44":{"type":"branch","line":255,"loc":{"start":{"line":255,"column":2},"end":{"line":269,"column":4}},"locations":[{"start":{"line":255,"column":2},"end":{"line":269,"column":4}}]},"45":{"type":"branch","line":260,"loc":{"start":{"line":260,"column":18},"end":{"line":260,"column":25}},"locations":[{"start":{"line":260,"column":18},"end":{"line":260,"column":25}}]},"46":{"type":"branch","line":260,"loc":{"start":{"line":260,"column":18},"end":{"line":268,"column":43}},"locations":[{"start":{"line":260,"column":18},"end":{"line":268,"column":43}}]}},"b":{"0":[4],"1":[2],"2":[2],"3":[2],"4":[14],"5":[1],"6":[7],"7":[3],"8":[1],"9":[2],"10":[1],"11":[1],"12":[2],"13":[3],"14":[1],"15":[2],"16":[1],"17":[1],"18":[2],"19":[1],"20":[2],"21":[1],"22":[1],"23":[3],"24":[2],"25":[2],"26":[4],"27":[2],"28":[2],"29":[8],"30":[2],"31":[4],"32":[2],"33":[3],"34":[1],"35":[3],"36":[5],"37":[9],"38":[1],"39":[3],"40":[8],"41":[0],"42":[3],"43":[1],"44":[6],"45":[1],"46":[5]},"fnMap":{"0":{"name":"getApiKey","decl":{"start":{"line":22,"column":2},"end":{"line":25,"column":4}},"loc":{"start":{"line":22,"column":2},"end":{"line":25,"column":4}},"line":22},"1":{"name":"setApiKey","decl":{"start":{"line":30,"column":2},"end":{"line":32,"column":4}},"loc":{"start":{"line":30,"column":2},"end":{"line":32,"column":4}},"line":30},"2":{"name":"clearApiKey","decl":{"start":{"line":37,"column":2},"end":{"line":39,"column":4}},"loc":{"start":{"line":37,"column":2},"end":{"line":39,"column":4}},"line":37},"3":{"name":"getSummaryCache","decl":{"start":{"line":44,"column":2},"end":{"line":47,"column":4}},"loc":{"start":{"line":44,"column":2},"end":{"line":47,"column":4}},"line":44},"4":{"name":"setSummaryCache","decl":{"start":{"line":52,"column":2},"end":{"line":54,"column":4}},"loc":{"start":{"line":52,"column":2},"end":{"line":54,"column":4}},"line":52},"5":{"name":"getCachedTabSummary","decl":{"start":{"line":59,"column":2},"end":{"line":72,"column":4}},"loc":{"start":{"line":59,"column":2},"end":{"line":72,"column":4}},"line":59},"6":{"name":"cacheTabSummary","decl":{"start":{"line":77,"column":2},"end":{"line":81,"column":4}},"loc":{"start":{"line":77,"column":2},"end":{"line":81,"column":4}},"line":77},"7":{"name":"removeCachedTabSummary","decl":{"start":{"line":86,"column":2},"end":{"line":90,"column":4}},"loc":{"start":{"line":86,"column":2},"end":{"line":90,"column":4}},"line":86},"8":{"name":"getCachedCategorySummary","decl":{"start":{"line":95,"column":2},"end":{"line":108,"column":4}},"loc":{"start":{"line":95,"column":2},"end":{"line":108,"column":4}},"line":95},"9":{"name":"cacheCategorySummary","decl":{"start":{"line":113,"column":2},"end":{"line":117,"column":4}},"loc":{"start":{"line":113,"column":2},"end":{"line":117,"column":4}},"line":113},"10":{"name":"removeCachedCategorySummary","decl":{"start":{"line":122,"column":2},"end":{"line":126,"column":4}},"loc":{"start":{"line":122,"column":2},"end":{"line":126,"column":4}},"line":122},"11":{"name":"clearSummaryCache","decl":{"start":{"line":131,"column":2},"end":{"line":133,"column":4}},"loc":{"start":{"line":131,"column":2},"end":{"line":133,"column":4}},"line":131},"12":{"name":"getSummarySettings","decl":{"start":{"line":138,"column":2},"end":{"line":141,"column":4}},"loc":{"start":{"line":138,"column":2},"end":{"line":141,"column":4}},"line":138},"13":{"name":"setSummarySettings","decl":{"start":{"line":146,"column":2},"end":{"line":148,"column":4}},"loc":{"start":{"line":146,"column":2},"end":{"line":148,"column":4}},"line":146},"14":{"name":"getJiraSettings","decl":{"start":{"line":153,"column":2},"end":{"line":156,"column":4}},"loc":{"start":{"line":153,"column":2},"end":{"line":156,"column":4}},"line":153},"15":{"name":"setJiraSettings","decl":{"start":{"line":161,"column":2},"end":{"line":163,"column":4}},"loc":{"start":{"line":161,"column":2},"end":{"line":163,"column":4}},"line":161},"16":{"name":"getDensityMode","decl":{"start":{"line":168,"column":2},"end":{"line":171,"column":4}},"loc":{"start":{"line":168,"column":2},"end":{"line":171,"column":4}},"line":168},"17":{"name":"setDensityMode","decl":{"start":{"line":176,"column":2},"end":{"line":178,"column":4}},"loc":{"start":{"line":176,"column":2},"end":{"line":178,"column":4}},"line":176},"18":{"name":"getGroupStates","decl":{"start":{"line":183,"column":2},"end":{"line":186,"column":4}},"loc":{"start":{"line":183,"column":2},"end":{"line":186,"column":4}},"line":183},"19":{"name":"setGroupState","decl":{"start":{"line":191,"column":2},"end":{"line":195,"column":4}},"loc":{"start":{"line":191,"column":2},"end":{"line":195,"column":4}},"line":191},"20":{"name":"clearGroupStates","decl":{"start":{"line":200,"column":2},"end":{"line":202,"column":4}},"loc":{"start":{"line":200,"column":2},"end":{"line":202,"column":4}},"line":200},"21":{"name":"getAllSessions","decl":{"start":{"line":207,"column":2},"end":{"line":221,"column":4}},"loc":{"start":{"line":207,"column":2},"end":{"line":221,"column":4}},"line":207},"22":{"name":"getSession","decl":{"start":{"line":226,"column":2},"end":{"line":230,"column":4}},"loc":{"start":{"line":226,"column":2},"end":{"line":230,"column":4}},"line":226},"23":{"name":"saveSession","decl":{"start":{"line":235,"column":2},"end":{"line":240,"column":4}},"loc":{"start":{"line":235,"column":2},"end":{"line":240,"column":4}},"line":235},"24":{"name":"deleteSession","decl":{"start":{"line":245,"column":2},"end":{"line":250,"column":4}},"loc":{"start":{"line":245,"column":2},"end":{"line":250,"column":4}},"line":245},"25":{"name":"updateSessionMetadata","decl":{"start":{"line":255,"column":2},"end":{"line":269,"column":4}},"loc":{"start":{"line":255,"column":2},"end":{"line":269,"column":4}},"line":255}},"f":{"0":4,"1":2,"2":2,"3":14,"4":7,"5":3,"6":1,"7":2,"8":3,"9":1,"10":2,"11":1,"12":2,"13":1,"14":3,"15":2,"16":4,"17":2,"18":8,"19":4,"20":2,"21":3,"22":9,"23":8,"24":3,"25":6}}
}
